C251 COMPILER V5.60.0,  AI8051U_Exti_Isr                                                   18/11/25  13:07:41  PAGE 1   


C251 COMPILER V5.60.0, COMPILATION OF MODULE AI8051U_Exti_Isr
OBJECT MODULE PLACED IN .\out_file\AI8051U_Exti_Isr.obj
COMPILER INVOKED BY: D:\MDK\C251\BIN\C251.EXE ..\lq_libraries\Driver\isr\AI8051U_Exti_Isr.c LARGE NOALIAS FLOAT64 WARNIN
                    -GLEVEL(3) OPTIMIZE(SIZE) BROWSE INCDIR(..\..\libraries\zf_common;..\..\libraries\zf_components;..\..\libraries\zf_device
                    -;..\..\libraries\zf_driver;..\user;..\code;..\Hardware;..\lq_libraries\LQ_LIB\Inc;..\lq_libraries\Include;..\lq_librarie
                    -s\Driver\Inc) DEBUG PRINT(.\out_file\AI8051U_Exti_Isr.lst) OBJECT(.\out_file\AI8051U_Exti_Isr.obj) 

stmt  level    source

    1          /*---------------------------------------------------------------------*/
    2          /* ------------------- Web: www.STCAI.com -----------------------------*/
    3          /*---------------------------------------------------------------------*/
    4          
    5          #include "AI8051U_Exti.h"
    6          
    7          #include "include.h"
    8          //========================================================================
    9          //                               本地变量声明
   10          //========================================================================
   11          
   12          
   13          //========================================================================
   14          // 函数: INT0_ISR_Handler
   15          // 描述: INT0中断函数.  管脚 P3.2
   16          // 参数: none.
   17          // 返回: none.
   18          // 版本: V1.0, 2020-09-23
   19          //========================================================================
   20          void INT0_ISR_Handler (void) interrupt INT0_VECTOR              //进中断时已经清除标志
   21          {
   22   1              // TODO: 在此处添加用户代码
   23   1      //      LED_Ctrl(LED0,RVS);
   24   1      }
   25          
   26          //========================================================================
   27          // 函数: INT1_ISR_Handler
   28          // 描述: INT1中断函数.  管脚 P3.3
   29          // 参数: none.
   30          // 返回: none.
   31          // 版本: V1.0, 2020-09-23
   32          //========================================================================
   33          void INT1_ISR_Handler (void) interrupt INT1_VECTOR              //进中断时已经清除标志
   34          {
   35   1              // TODO: 在此处添加用户代码
   36   1              LED_Ctrl(LED0,RVS);
   37   1      //    OLED_P6x8Str(10,3, "P3.3INT-->LED0"); 
   38   1      
   39   1      }
   40          
   41          //========================================================================
   42          // 函数: INT2_ISR_Handler
   43          // 描述: INT2中断函数. 管脚P3.6
   44          // 参数: none.
   45          // 返回: none.
   46          // 版本: V1.0, 2020-09-23
   47          //========================================================================
   48          void INT2_ISR_Handler (void) interrupt INT2_VECTOR              //进中断时已经清除标志
   49          {
   50   1              // TODO: 在此处添加用户代码
   51   1              LED_Ctrl(LED0,RVS);
   52   1      
   53   1      }
   54          
   55          //========================================================================
   56          // 函数: INT3_ISR_Handler
C251 COMPILER V5.60.0,  AI8051U_Exti_Isr                                                   18/11/25  13:07:41  PAGE 2   

   57          // 描述: INT3中断函数. 管脚P3.7
   58          // 参数: none.
   59          // 返回: none.
   60          // 版本: V1.0, 2020-09-23
   61          //========================================================================
   62          void INT3_ISR_Handler (void) interrupt INT3_VECTOR              //进中断时已经清除标志
   63          {
   64   1              // TODO: 在此处添加用户代码
   65   1      //      LED_Ctrl(LED0,RVS);
   66   1      }
   67          
   68          //========================================================================
   69          // 函数: INT4_ISR_Handler
   70          // 描述: INT4中断函数. 管脚P3.0
   71          // 参数: none.
   72          // 返回: none.
   73          // 版本: V1.0, 2020-09-23
   74          //========================================================================
   75          void INT4_ISR_Handler (void) interrupt INT4_VECTOR              //进中断时已经清除标志
   76          {
   77   1              // TODO: 在此处添加用户代码
   78   1      //      LED_Ctrl(LED0,RVS);
   79   1      //    OLED_P8x16Str(0,3, "EXINT ->P3.0");
   80   1      
   81   1      }


Module Information          Static   Overlayable
------------------------------------------------
  code size            =       118     ------
  ecode size           =    ------     ------
  data size            =    ------     ------
  idata size           =    ------     ------
  pdata size           =    ------     ------
  xdata size           =    ------     ------
  xdata-const size     =    ------     ------
  edata size           =    ------     ------
  bit size             =    ------     ------
  ebit size            =    ------     ------
  bitaddressable size  =    ------     ------
  ebitaddressable size =    ------     ------
  far data size        =    ------     ------
  huge data size       =    ------     ------
  const size           =    ------     ------
  hconst size          =    ------     ------
End of Module Information.


C251 COMPILATION COMPLETE.  0 WARNING(S),  0 ERROR(S)
