C251 COMPILER V5.60.0,  AI8051U_LCM_Isr                                                    18/11/25  13:12:27  PAGE 1   


C251 COMPILER V5.60.0, COMPILATION OF MODULE AI8051U_LCM_Isr
OBJECT MODULE PLACED IN .\out_file\AI8051U_LCM_Isr.obj
COMPILER INVOKED BY: D:\MDK\C251\BIN\C251.EXE ..\lq_libraries\Driver\isr\AI8051U_LCM_Isr.c LARGE NOALIAS FLOAT64 WARNING
                    -LEVEL(3) OPTIMIZE(SIZE) BROWSE INCDIR(..\..\libraries\zf_common;..\..\libraries\zf_components;..\..\libraries\zf_device;
                    -..\..\libraries\zf_driver;..\user;..\code;..\Hardware;..\lq_libraries\LQ_LIB\Inc;..\lq_libraries\Include;..\lq_libraries
                    -\Driver\Inc) DEBUG PRINT(.\out_file\AI8051U_LCM_Isr.lst) OBJECT(.\out_file\AI8051U_LCM_Isr.obj) 

stmt  level    source

    1          /*---------------------------------------------------------------------*/
    2          /* ------------------- Web: www.STCAI.com -----------------------------*/
    3          /*---------------------------------------------------------------------*/
    4          
    5          #include "AI8051U_LCM.h"
    6          
    7          bit LcmFlag;
    8          
    9          //========================================================================
   10          // 函数: LCM_ISR_Handler
   11          // 描述: LCM 中断函数.
   12          // 参数: none.
   13          // 返回: none.
   14          // 版本: V1.0, 2022-03-23
   15          //========================================================================
   16          //void LCM_ISR_Handler (void) interrupt LCM_VECTOR
   17          //{
   18          //      // TODO: 在此处添加用户代码
   19          //      if(LCMIFSTA & 0x01)
   20          //      {
   21          //              LCMIFSTA = 0x00;
   22          //              LcmFlag = 0;
   23          //      }
   24          //}
   25          
   26          


Module Information          Static   Overlayable
------------------------------------------------
  code size            =    ------     ------
  ecode size           =    ------     ------
  data size            =    ------     ------
  idata size           =    ------     ------
  pdata size           =    ------     ------
  xdata size           =    ------     ------
  xdata-const size     =    ------     ------
  edata size           =    ------     ------
  bit size             =         1     ------
  ebit size            =    ------     ------
  bitaddressable size  =    ------     ------
  ebitaddressable size =    ------     ------
  far data size        =    ------     ------
  huge data size       =    ------     ------
  const size           =    ------     ------
  hconst size          =    ------     ------
End of Module Information.


C251 COMPILATION COMPLETE.  0 WARNING(S),  0 ERROR(S)
