C251 COMPILER V5.60.0,  AI8051U_RTC_Isr                                                    18/11/25  13:12:27  PAGE 1   


C251 COMPILER V5.60.0, COMPILATION OF MODULE AI8051U_RTC_Isr
OBJECT MODULE PLACED IN .\out_file\AI8051U_RTC_Isr.obj
COMPILER INVOKED BY: D:\MDK\C251\BIN\C251.EXE ..\lq_libraries\Driver\isr\AI8051U_RTC_Isr.c LARGE NOALIAS FLOAT64 WARNING
                    -LEVEL(3) OPTIMIZE(SIZE) BROWSE INCDIR(..\..\libraries\zf_common;..\..\libraries\zf_components;..\..\libraries\zf_device;
                    -..\..\libraries\zf_driver;..\user;..\code;..\Hardware;..\lq_libraries\LQ_LIB\Inc;..\lq_libraries\Include;..\lq_libraries
                    -\Driver\Inc) DEBUG PRINT(.\out_file\AI8051U_RTC_Isr.lst) OBJECT(.\out_file\AI8051U_RTC_Isr.obj) 

stmt  level    source

    1          /*---------------------------------------------------------------------*/
    2          /* ------------------- Web: www.STCAI.com -----------------------------*/
    3          /*---------------------------------------------------------------------*/
    4          
    5          #include        "AI8051U_RTC.h"
    6          
    7          bit B_1S;
    8          bit B_Alarm;
    9          
   10          //========================================================================
   11          // 函数: RTC_ISR_Handler
   12          // 描述: RTC中断函数.
   13          // 参数: none.
   14          // 返回: none.
   15          // 版本: V1.0, 2022-03-21
   16          //========================================================================
   17          //void RTC_ISR_Handler (void) interrupt RTC_VECTOR
   18          //{
   19          //      // TODO: 在此处添加用户代码
   20          //      if(RTCIF & 0x80)    //闹钟中断
   21          //      {
   22          //              P01 = !P01;
   23          //              RTCIF &= ~0x80;
   24          //              B_Alarm = 1;
   25          //      }
   26          
   27          //      if(RTCIF & 0x08)    //秒中断
   28          //      {
   29          //              P00 = !P00;
   30          //              RTCIF &= ~0x08;
   31          //              B_1S = 1;
   32          //      }
   33          //}
   34          
   35          


Module Information          Static   Overlayable
------------------------------------------------
  code size            =    ------     ------
  ecode size           =    ------     ------
  data size            =    ------     ------
  idata size           =    ------     ------
  pdata size           =    ------     ------
  xdata size           =    ------     ------
  xdata-const size     =    ------     ------
  edata size           =    ------     ------
  bit size             =         2     ------
  ebit size            =    ------     ------
  bitaddressable size  =    ------     ------
  ebitaddressable size =    ------     ------
  far data size        =    ------     ------
  huge data size       =    ------     ------
  const size           =    ------     ------
  hconst size          =    ------     ------
End of Module Information.


C251 COMPILATION COMPLETE.  0 WARNING(S),  0 ERROR(S)
