C251 COMPILER V5.60.0,  AI8051U_LIN_Isr                                                    18/11/25  13:07:42  PAGE 1   


C251 COMPILER V5.60.0, COMPILATION OF MODULE AI8051U_LIN_Isr
OBJECT MODULE PLACED IN .\out_file\AI8051U_LIN_Isr.obj
COMPILER INVOKED BY: D:\MDK\C251\BIN\C251.EXE ..\lq_libraries\Driver\isr\AI8051U_LIN_Isr.c LARGE NOALIAS FLOAT64 WARNING
                    -LEVEL(3) OPTIMIZE(SIZE) BROWSE INCDIR(..\..\libraries\zf_common;..\..\libraries\zf_components;..\..\libraries\zf_device;
                    -..\..\libraries\zf_driver;..\user;..\code;..\Hardware;..\lq_libraries\LQ_LIB\Inc;..\lq_libraries\Include;..\lq_libraries
                    -\Driver\Inc) DEBUG PRINT(.\out_file\AI8051U_LIN_Isr.lst) OBJECT(.\out_file\AI8051U_LIN_Isr.obj) 

stmt  level    source

    1          /*---------------------------------------------------------------------*/
    2          /* ------------------- Web: www.STCAI.com -----------------------------*/
    3          /*---------------------------------------------------------------------*/
    4          
    5          #include        "AI8051U_LIN.h"
    6          
    7          bit LinRxFlag;
    8          
    9          //========================================================================
   10          // 函数: LIN_ISR_Handler
   11          // 描述: LIN中断函数.
   12          // 参数: none.
   13          // 返回: none.
   14          // 版本: V1.0, 2022-03-28
   15          //========================================================================
   16          void LIN_ISR_Handler (void) interrupt LIN_VECTOR
   17          {
   18   1              u8 isr;
   19   1              u8 arTemp;
   20   1              arTemp = LINAR;     //LINAR 现场保存，避免主循环里写完 LINAR 后产生中断，在中断里修改了 LINAR 内容
   21   1      
   22   1              isr = LinReadReg(LSR);          //读取寄存器清除状态标志位
   23   1              if((isr & 0x03) == 0x03)
   24   1              {
   25   2                      isr = LinReadReg(LER);
   26   2                      if(isr == 0x00)         //No Error
   27   2                      {
   28   3                              LinRxFlag = 1;
   29   3                      }
   30   2              }
   31   1              else
   32   1              {
   33   2                      isr = LinReadReg(LER);  //读取清除错误寄存器
   34   2              }
   35   1      
   36   1              LINAR = arTemp;    //LINAR 现场恢复
   37   1      }
   38          
   39          
*** WARNING C183 IN LINE 33 OF ..\lq_libraries\Driver\isr\AI8051U_LIN_Isr.c: dead assignment eliminated


Module Information          Static   Overlayable
------------------------------------------------
  code size            =        84     ------
  ecode size           =    ------     ------
  data size            =    ------     ------
  idata size           =    ------     ------
  pdata size           =    ------     ------
  xdata size           =    ------     ------
  xdata-const size     =    ------     ------
  edata size           =    ------     ------
  bit size             =         1     ------
  ebit size            =    ------     ------
  bitaddressable size  =    ------     ------
  ebitaddressable size =    ------     ------
  far data size        =    ------     ------
C251 COMPILER V5.60.0,  AI8051U_LIN_Isr                                                    18/11/25  13:07:42  PAGE 2   

  huge data size       =    ------     ------
  const size           =    ------     ------
  hconst size          =    ------     ------
End of Module Information.


C251 COMPILATION COMPLETE.  1 WARNING(S),  0 ERROR(S)
