C251 COMPILER V5.60.0,  AI8051U_Compare_Isr                                                18/11/25  13:07:41  PAGE 1   


C251 COMPILER V5.60.0, COMPILATION OF MODULE AI8051U_Compare_Isr
OBJECT MODULE PLACED IN .\out_file\AI8051U_Compare_Isr.obj
COMPILER INVOKED BY: D:\MDK\C251\BIN\C251.EXE ..\lq_libraries\Driver\isr\AI8051U_Compare_Isr.c LARGE NOALIAS FLOAT64 WAR
                    -NINGLEVEL(3) OPTIMIZE(SIZE) BROWSE INCDIR(..\..\libraries\zf_common;..\..\libraries\zf_components;..\..\libraries\zf_dev
                    -ice;..\..\libraries\zf_driver;..\user;..\code;..\Hardware;..\lq_libraries\LQ_LIB\Inc;..\lq_libraries\Include;..\lq_libra
                    -ries\Driver\Inc) DEBUG PRINT(.\out_file\AI8051U_Compare_Isr.lst) OBJECT(.\out_file\AI8051U_Compare_Isr.obj) 

stmt  level    source

    1          /*---------------------------------------------------------------------*/
    2          /* ------------------- Web: www.STCAI.com -----------------------------*/
    3          /*---------------------------------------------------------------------*/
    4          
    5          #include "AI8051U_Compare.h"
    6          
    7          //========================================================================
    8          // 函数: CMP_ISR_Handler
    9          // 描述: 比较器中断函数.
   10          // 参数: none.
   11          // 返回: none.
   12          // 版本: V1.0, 2020-09-23
   13          //========================================================================
   14          void CMP_ISR_Handler (void) interrupt CMP_VECTOR
   15          {
   16   1              CMPIF = 0;                      //清除中断标志
   17   1      
   18   1              // TODO: 在此处添加用户代码
   19   1              P47 = CMPRES;   //中断方式读取比较器比较结果
   20   1      }


Module Information          Static   Overlayable
------------------------------------------------
  code size            =        12     ------
  ecode size           =    ------     ------
  data size            =    ------     ------
  idata size           =    ------     ------
  pdata size           =    ------     ------
  xdata size           =    ------     ------
  xdata-const size     =    ------     ------
  edata size           =    ------     ------
  bit size             =    ------     ------
  ebit size            =    ------     ------
  bitaddressable size  =    ------     ------
  ebitaddressable size =    ------     ------
  far data size        =    ------     ------
  huge data size       =    ------     ------
  const size           =    ------     ------
  hconst size          =    ------     ------
End of Module Information.


C251 COMPILATION COMPLETE.  0 WARNING(S),  0 ERROR(S)
