C251 COMPILER V5.60.0,  self_TFT                                                           18/11/25  17:04:56  PAGE 1   


C251 COMPILER V5.60.0, COMPILATION OF MODULE self_TFT
OBJECT MODULE PLACED IN .\out_file\self_TFT.obj
COMPILER INVOKED BY: D:\MDK\C251\BIN\C251.EXE ..\code\self_TFT.c LARGE NOALIAS FLOAT64 WARNINGLEVEL(3) OPTIMIZE(SIZE) BR
                    -OWSE INCDIR(..\..\libraries\zf_common;..\..\libraries\zf_components;..\..\libraries\zf_device;..\..\libraries\zf_driver;
                    -..\user;..\code;..\Hardware) DEBUG PRINT(.\out_file\self_TFT.lst) OBJECT(.\out_file\self_TFT.obj) 

stmt  level    source

*** WARNING C38 IN LINE 1 OF ..\code\self_TFT.c: empty translation unit


Module Information          Static   Overlayable
------------------------------------------------
  code size            =    ------     ------
  ecode size           =    ------     ------
  data size            =    ------     ------
  idata size           =    ------     ------
  pdata size           =    ------     ------
  xdata size           =    ------     ------
  xdata-const size     =    ------     ------
  edata size           =    ------     ------
  bit size             =    ------     ------
  ebit size            =    ------     ------
  bitaddressable size  =    ------     ------
  ebitaddressable size =    ------     ------
  far data size        =    ------     ------
  huge data size       =    ------     ------
  const size           =    ------     ------
  hconst size          =    ------     ------
End of Module Information.


C251 COMPILATION COMPLETE.  1 WARNING(S),  0 ERROR(S)
