C251 COMPILER V5.60.0,  main                                                               12/11/25  19:38:13  PAGE 1   


C251 COMPILER V5.60.0, COMPILATION OF MODULE main
OBJECT MODULE PLACED IN .\out_file\main.obj
COMPILER INVOKED BY: D:\MDK\C251\BIN\C251.EXE ..\user\main.c LARGE NOALIAS FLOAT64 WARNINGLEVEL(3) OPTIMIZE(SIZE) BROWSE
                    - INCDIR(..\..\libraries\zf_common;..\..\libraries\zf_components;..\..\libraries\zf_device;..\..\libraries\zf_driver;..\u
                    -ser;..\code) DEBUG PRINT(.\out_file\main.lst) OBJECT(.\out_file\main.obj) 

stmt  level    source

    1          /********************************************************************************************************
             -*************
    2          * STC32G Opensourec Library 即（STC32G 开源库）是一个基于官方 SDK 接口的第三方开源
             -
    3          * Copyright (c) 2022 SEEKFREE 逐飞科技
    4          *
    5          * 本文件是STC 开源库的一部分
    6          *
    7          * STC32G 开源库 是免费软件
    8          * 您可以根据自由软件基金会发布的 GPL（GNU General Public License，即 GNU通用公共许
             -可证）的条款
    9          * 即 GPL 的第3版（即 GPL3.0）或（您选择的）任何后来的版本，重新发布和/或修
             -它
   10          *
   11          * 本开源库的发布是希望它能发挥作用，但并未对其作任何的保证
   12          * 甚至没有隐含的适销性或适合特定用途的保证
   13          * 更多细节请参见 GPL
   14          *
   15          * 您应该在收到本开源库的同时收到一份 GPL 的副本
   16          * 如果没有，请参阅<https://www.gnu.org/licenses/>
   17          *
   18          * 额外注明：
   19          * 本开源库使用 GPL3.0 开源许可证协议 以上许可申明为译文版本
   20          * 许可申明英文版在 libraries/doc 文件夹下的 GPL3_permission_statement.txt 文件中
   21          * 许可证副本在 libraries 文件夹下 即该文件夹下的 LICENSE 文件
   22          * 欢迎各位使用并传播本程序 但修改内容时必须保留逐飞科技的版权声明（即本
             -声明）
   23          *
   24          * 文件名称          
   25          * 公司名称          成都逐飞科技有限公司
   26          * 版本信息          查看 libraries/doc 文件夹内 version 文件 版本说明
   27          * 开发环境          MDK FOR C251
   28          * 适用平台          STC32G
   29          * 店铺链接          https://seekfree.taobao.com/
   30          *
   31          * 修改记录
   32          * 日期              作者           备注
   33          * 2024-08-01        大W            first version
   34          *********************************************************************************************************
             -***********/
   35          
   36          #include "zf_common_headfile.h"
   37          
   38          // *************************** 例程测试说明 ***************************
   39          // 1.核心板烧录完成本例程，完成上电
   40          //
   41          // 2.可以看到核心板上 LED 闪烁
   42          //
   43          // 如果发现现象与说明严重不符 请参照本文件最下方 例程常见问题说明 进行排
             -查
   44          
   45          // **************************** 代码区域 ****************************
   46          #define PIT_CH                  (TIM0_PIT )                     // 使用的周期中断编号 如果修改 
             -要同步对应修改周期中断编号与 isr.c 中的调用
   47          #define PIT_PRIORITY            (TIMER0_IRQn)                   // 对应周期中断的中断编号
   48          
   49          #define LED1                    (IO_P34)
C251 COMPILER V5.60.0,  main                                                               12/11/25  19:38:13  PAGE 2   

   50          
   51          uint8 pit_state = 0;
   52          
   53          void pit_handler (void);
   54          
   55          void main()
   56          {
   57   1          clock_init(SYSTEM_CLOCK_30M);
   58   1              debug_init();
   59   1      
   60   1          // 此处编写用户代码 例如外设初始化代码等
   61   1          gpio_init(LED1, GPO, GPIO_LOW, GPO_PUSH_PULL);              // 初始化 LED1 输出 默认低电平 推挽输
             -模式
   62   1              
   63   1          pit_ms_init(PIT_CH, 1000);                                  // 初始化 PIT_CH0 为周期中断 1000ms 周
             -
   64   1                      
   65   1          interrupt_set_priority(PIT_PRIORITY, 0);                    // 设置 PIT1 对周期中断的中断优先级
             -为 0，0为最低优先级
   66   1          
   67   1              tim0_irq_handler = pit_handler;                                                 // 设置定时器0周期中断回调函数     
   68   1              
   69   1              // 此处编写用户代码 例如外设初始化代码等
   70   1      
   71   1          while(1)
   72   1          {
   73   2              // 此处编写需要循环执行的代码
   74   2              if(pit_state)
   75   2              {
   76   3                  gpio_toggle_level(LED1);
   77   3                  pit_state = 0;                                                      // 清空周期中断触
             -标志位
   78   3              }
   79   2              // 此处编写需要循环执行的代码
   80   2          }
   81   1      }
   82          
   83          //-------------------------------------------------------------------------------------------------------
             -------------
   84          // 函数简介     PIT 的周期中断处理函数 这个函数将在 PIT 对应的定时器中断调用
             - 详见 isr.c
   85          // 参数说明     void
   86          // 返回参数     void
   87          // 使用示例     pit_handler();
   88          //-------------------------------------------------------------------------------------------------------
             -------------
   89          void pit_handler (void)
   90          {
   91   1          pit_state = 1;                                                              // 周期中断触发 标
             -志位置位
   92   1      }
   93          // **************************** 代码区域 ****************************
   94          
   95          // *************************** 例程常见问题说明 ***************************
   96          // 遇到问题时请按照以下问题检查列表检查
   97          //
   98          // 问题1：LED 不闪烁
   99          //      查看程序是否正常烧录，是否下载报错，确认正常按下复位按键
  100          //      万用表测量对应 LED 引脚电压是否变化，如果不变化证明程序未运行，如
             -变化证明 LED 灯珠损坏


Module Information          Static   Overlayable
------------------------------------------------
  code size            =       146     ------
  ecode size           =    ------     ------
  data size            =    ------     ------
C251 COMPILER V5.60.0,  main                                                               12/11/25  19:38:13  PAGE 3   

  idata size           =    ------     ------
  pdata size           =    ------     ------
  xdata size           =         1     ------
  xdata-const size     =    ------     ------
  edata size           =    ------     ------
  bit size             =    ------     ------
  ebit size            =    ------     ------
  bitaddressable size  =    ------     ------
  ebitaddressable size =    ------     ------
  far data size        =    ------     ------
  huge data size       =    ------     ------
  const size           =    ------     ------
  hconst size          =         8     ------
End of Module Information.


C251 COMPILATION COMPLETE.  0 WARNING(S),  0 ERROR(S)
