C251 COMPILER V5.60.0,  main                                                               16/11/25  19:46:18  PAGE 1   


C251 COMPILER V5.60.0, COMPILATION OF MODULE main
OBJECT MODULE PLACED IN main.OBJ
COMPILER INVOKED BY: D:\MDK\C251\BIN\C251.EXE main.c XSMALL INTR2 BROWSE DEBUG

stmt  level    source

    1          /*---------------------------------------------------------------------*/
    2          /* --- STC MCU Limited ------------------------------------------------*/
    3          /* --- STC 1T Series MCU Demo Programme -------------------------------*/
    4          /* --- Mobile: (86)13922805190 ----------------------------------------*/
    5          /* --- Fax: 86-0513-55012956,55012947,55012969 ------------------------*/
    6          /* --- Tel: 86-0513-55012928,55012929,55012966 ------------------------*/
    7          /* --- Web: www.STCAI.com ---------------------------------------------*/
    8          /* --- BBS: www.STCAIMCU.com  -----------------------------------------*/
    9          /* --- QQ:  800003751 -------------------------------------------------*/
   10          /* 如果要在程序中使用此代码,请在程序中注明使用了STC的资料及程序            */
   11          /*---------------------------------------------------------------------*/
   12          
   13          /*************  功能说明    **************
   14          
   15          本例程基于STC32G为主控芯片的实验箱进行编写测试。
   16          
   17          使用Keil C251编译器，Memory Model推荐设置XSmall模式，默认定义变量在edata，单时钟存取访问速度快。
   18          
   19          edata建议保留1K给堆栈使用，空间不够时可将大数组、不常用变量加xdata关键字定义到xdata空间。
   20          
   21          高级PWM定时器 PWM1P/PWM1N,PWM2P/PWM2N,PWM3P/PWM3N,PWM4P/PWM4N 每个通道都可独立实现PWM输出，或者两两互补对
             -称输出.
   22          
   23          8个通道PWM设置对应P6的8个端口.
   24          
   25          通过P6口上连接的8个LED灯，利用PWM实现呼吸灯效果.
   26          
   27          PWM周期和占空比可以根据需要自行设置，最高可达65535.
   28          
   29          下载时, 选择时钟 24MHz (用户可自行修改频率).
   30          
   31          ******************************************/
   32          
   33          #include "..\..\comm\STC32G.h"
   34          
   35          #include "stdio.h"
   36          #include "intrins.h"
   37          
   38          typedef         unsigned char   u8;
   39          typedef         unsigned int    u16;
   40          typedef         unsigned long   u32;
   41          
   42          #define MAIN_Fosc        24000000UL
   43          
   44          /****************************** 用户定义宏 ***********************************/
   45          
   46          #define Timer0_Reload   (65536UL -(MAIN_Fosc / 1000))       //Timer 0 中断频率, 1000次/秒
   47          
   48          #define PWM1_0      0x00        //P:P1.0  N:P1.1
   49          #define PWM1_1      0x01        //P:P2.0  N:P2.1
   50          #define PWM1_2      0x02        //P:P6.0  N:P6.1
   51          
   52          #define PWM2_0      0x00        //P:P1.2/P5.4  N:P1.3
   53          #define PWM2_1      0x04        //P:P2.2  N:P2.3
   54          #define PWM2_2      0x08        //P:P6.2  N:P6.3
   55          
   56          #define PWM3_0      0x00        //P:P1.4  N:P1.5
   57          #define PWM3_1      0x10        //P:P2.4  N:P2.5
   58          #define PWM3_2      0x20        //P:P6.4  N:P6.5
C251 COMPILER V5.60.0,  main                                                               16/11/25  19:46:18  PAGE 2   

   59          
   60          #define PWM4_0      0x00        //P:P1.6  N:P1.7
   61          #define PWM4_1      0x40        //P:P2.6  N:P2.7
   62          #define PWM4_2      0x80        //P:P6.6  N:P6.7
   63          #define PWM4_3      0xC0        //P:P3.4  N:P3.3
   64          
   65          #define ENO1P       0x01
   66          #define ENO1N       0x02
   67          #define ENO2P       0x04
   68          #define ENO2N       0x08
   69          #define ENO3P       0x10
   70          #define ENO3N       0x20
   71          #define ENO4P       0x40
   72          #define ENO4N       0x80
   73          
   74          /*****************************************************************************/
   75          
   76          
   77          /*************  本地常量声明    **************/
   78          
   79          #define PWM_PERIOD  1023    //设置周期值
   80          
   81          /*************  本地变量声明    **************/
   82          
   83          bit B_1ms;          //1ms标志
   84          
   85          u16 PWM1_Duty;
   86          u16 PWM2_Duty;
   87          u16 PWM3_Duty;
   88          u16 PWM4_Duty;
   89          
   90          bit PWM1_Flag;
   91          bit PWM2_Flag;
   92          bit PWM3_Flag;
   93          bit PWM4_Flag;
   94          
   95          void UpdatePwm(void);
   96          
   97          /********************* 主函数 *************************/
   98          void main(void)
   99          {
  100   1          WTST = 0;  //设置程序指令延时参数，赋值为0可将CPU执行指令的速度设置为最快
  101   1          EAXFR = 1; //扩展寄存器(XFR)访问使能
  102   1          CKCON = 0; //提高访问XRAM速度
  103   1      
  104   1          P0M1 = 0x30;   P0M0 = 0x30;   //设置P0.4、P0.5为漏极开路(实验箱加了上拉电阻到3.3V)
  105   1          P1M1 = 0x30;   P1M0 = 0x30;   //设置P1.4、P1.5为漏极开路(实验箱加了上拉电阻到3.3V)
  106   1          P2M1 = 0x3c;   P2M0 = 0x3c;   //设置P2.2~P2.5为漏极开路(实验箱加了上拉电阻到3.3V)
  107   1          P3M1 = 0x50;   P3M0 = 0x50;   //设置P3.4、P3.6为漏极开路(实验箱加了上拉电阻到3.3V)
  108   1          P4M1 = 0x3c;   P4M0 = 0x3c;   //设置P4.2~P4.5为漏极开路(实验箱加了上拉电阻到3.3V)
  109   1          P5M1 = 0x0c;   P5M0 = 0x0c;   //设置P5.2、P5.3为漏极开路(实验箱加了上拉电阻到3.3V)
  110   1          P6M1 = 0xff;   P6M0 = 0xff;   //设置为漏极开路(实验箱加了上拉电阻到3.3V)
  111   1          P7M1 = 0x00;   P7M0 = 0x00;   //设置为准双向口
  112   1      
  113   1          PWM1_Flag = 0;
  114   1          PWM2_Flag = 0;
  115   1          PWM3_Flag = 0;
  116   1          PWM4_Flag = 0;
  117   1          
  118   1          PWM1_Duty = 0;
  119   1          PWM2_Duty = 256;
  120   1          PWM3_Duty = 512;
  121   1          PWM4_Duty = 1024;
  122   1      
  123   1          //  Timer0初始化
  124   1          AUXR = 0x80;    //Timer0 set as 1T, 16 bits timer auto-reload, 
C251 COMPILER V5.60.0,  main                                                               16/11/25  19:46:18  PAGE 3   

  125   1          TH0 = (u8)(Timer0_Reload / 256);
  126   1          TL0 = (u8)(Timer0_Reload % 256);
  127   1          ET0 = 1;    //Timer0 interrupt enable
  128   1          TR0 = 1;    //Tiner0 run
  129   1      
  130   1          PWMA_CCER1 = 0x00; //写 CCMRx 前必须先清零 CCxE 关闭通道
  131   1          PWMA_CCER2 = 0x00;
  132   1          PWMA_CCMR1 = 0x68; //通道模式配置
  133   1          PWMA_CCMR2 = 0x68;
  134   1          PWMA_CCMR3 = 0x68;
  135   1          PWMA_CCMR4 = 0x68;
  136   1          PWMA_CCER1 = 0x55; //配置通道输出使能和极性
  137   1          PWMA_CCER2 = 0x55;
  138   1      
  139   1          PWMA_ARRH = (u8)(PWM_PERIOD >> 8); //设置周期时间
  140   1          PWMA_ARRL = (u8)PWM_PERIOD;
  141   1      
  142   1          PWMA_ENO = 0x00;
  143   1          PWMA_ENO |= ENO1P; //使能输出
  144   1          PWMA_ENO |= ENO1N; //使能输出
  145   1          PWMA_ENO |= ENO2P; //使能输出
  146   1          PWMA_ENO |= ENO2N; //使能输出
  147   1          PWMA_ENO |= ENO3P; //使能输出
  148   1          PWMA_ENO |= ENO3N; //使能输出
  149   1          PWMA_ENO |= ENO4P; //使能输出
  150   1          PWMA_ENO |= ENO4N; //使能输出
  151   1      
  152   1          PWMA_PS = 0x00;  //高级 PWM 通道输出脚选择位
  153   1          PWMA_PS |= PWM1_2; //选择 PWM1_2 通道
  154   1          PWMA_PS |= PWM2_2; //选择 PWM2_2 通道
  155   1          PWMA_PS |= PWM3_2; //选择 PWM3_2 通道
  156   1          PWMA_PS |= PWM4_2; //选择 PWM4_2 通道
  157   1      
  158   1          PWMA_BKR = 0x80;  //使能主输出
  159   1          PWMA_CR1 |= 0x81; //使能ARR预装载,开始计时
  160   1      
  161   1          P40 = 0;    //给LED供电
  162   1          EA = 1;     //打开总中断
  163   1      
  164   1          while (1);
  165   1      }
  166          
  167          /********************** Timer0 1ms中断函数 ************************/
  168          void timer0(void) interrupt 1
  169          {
  170   1          if(!PWM1_Flag)
  171   1          {
  172   2              PWM1_Duty++;
  173   2              if(PWM1_Duty > PWM_PERIOD) PWM1_Flag = 1;
  174   2          }
  175   1          else
  176   1          {
  177   2              PWM1_Duty--;
  178   2              if(PWM1_Duty <= 0) PWM1_Flag = 0;
  179   2          }
  180   1      
  181   1          if(!PWM2_Flag)
  182   1          {
  183   2              PWM2_Duty++;
  184   2              if(PWM2_Duty > PWM_PERIOD) PWM2_Flag = 1;
  185   2          }
  186   1          else
  187   1          {
  188   2              PWM2_Duty--;
  189   2              if(PWM2_Duty <= 0) PWM2_Flag = 0;
  190   2          }
C251 COMPILER V5.60.0,  main                                                               16/11/25  19:46:18  PAGE 4   

  191   1      
  192   1          if(!PWM3_Flag)
  193   1          {
  194   2              PWM3_Duty++;
  195   2              if(PWM3_Duty > PWM_PERIOD) PWM3_Flag = 1;
  196   2          }
  197   1          else
  198   1          {
  199   2              PWM3_Duty--;
  200   2              if(PWM3_Duty <= 0) PWM3_Flag = 0;
  201   2          }
  202   1      
  203   1          if(!PWM4_Flag)
  204   1          {
  205   2              PWM4_Duty++;
  206   2              if(PWM4_Duty > PWM_PERIOD) PWM4_Flag = 1;
  207   2          }
  208   1          else
  209   1          {
  210   2              PWM4_Duty--;
  211   2              if(PWM4_Duty <= 0) PWM4_Flag = 0;
  212   2          }
  213   1          
  214   1          UpdatePwm();
  215   1      }
  216          
  217          //========================================================================
  218          // 函数: UpdatePwm(void)
  219          // 描述: 更新PWM占空比. 
  220          // 参数: none.
  221          // 返回: none.
  222          // 版本: V1.0, 2012-11-22
  223          //========================================================================
  224          void UpdatePwm(void)
  225          {
  226   1          PWMA_CCR1H = (u8)(PWM1_Duty >> 8); //设置占空比时间
  227   1          PWMA_CCR1L = (u8)(PWM1_Duty);
  228   1          PWMA_CCR2H = (u8)(PWM2_Duty >> 8); //设置占空比时间
  229   1          PWMA_CCR2L = (u8)(PWM2_Duty);
  230   1          PWMA_CCR3H = (u8)(PWM3_Duty >> 8); //设置占空比时间
  231   1          PWMA_CCR3L = (u8)(PWM3_Duty);
  232   1          PWMA_CCR4H = (u8)(PWM4_Duty >> 8); //设置占空比时间
  233   1          PWMA_CCR4L = (u8)(PWM4_Duty);
  234   1      }


Module Information          Static   Overlayable
------------------------------------------------
  code size            =       623     ------
  ecode size           =    ------     ------
  data size            =    ------     ------
  idata size           =    ------     ------
  pdata size           =    ------     ------
  xdata size           =    ------     ------
  xdata-const size     =    ------     ------
  edata size           =         8     ------
  bit size             =         5     ------
  ebit size            =    ------     ------
  bitaddressable size  =    ------     ------
  ebitaddressable size =    ------     ------
  far data size        =    ------     ------
  huge data size       =    ------     ------
  const size           =    ------     ------
  hconst size          =    ------     ------
End of Module Information.


C251 COMPILATION COMPLETE.  0 WARNING(S),  0 ERROR(S)
