C251 COMPILER V5.60.0,  main                                                               17/11/25  20:48:01  PAGE 1   


C251 COMPILER V5.60.0, COMPILATION OF MODULE main
OBJECT MODULE PLACED IN .\out_file\main.obj
COMPILER INVOKED BY: D:\MDK\C251\BIN\C251.EXE ..\user\main.c LARGE NOALIAS FLOAT64 WARNINGLEVEL(3) OPTIMIZE(SIZE) BROWSE
                    - INCDIR(..\..\libraries\zf_common;..\..\libraries\zf_components;..\..\libraries\zf_device;..\..\libraries\zf_driver;..\u
                    -ser;..\code) DEBUG PRINT(.\out_file\main.lst) OBJECT(.\out_file\main.obj) 

stmt  level    source

    1          
    2          
    3          #include "zf_common_headfile.h"
    4          
    5          #define CHANNEL_NUMBER          (4)
    6          
    7          #define PWM_CH1                 (PWMA_CH1P_P10)
    8          #define PWM_CH2                 (PWMA_CH2P_P22)
    9          #define PWM_CH3                 (PWMA_CH3P_P64)
   10          #define PWM_CH4                 (PWMA_CH4P_P34)
   11          #define PWM_SERVO               (PWMA_CH2P_P54)
   12          
   13          int16 duty = 0;
   14          uint8 channel_index = 0;
   15          pwm_channel_enum channel_list[CHANNEL_NUMBER] = {PWM_CH1, PWM_CH2, PWM_CH3, PWM_CH4};
   16          
   17          
   18          void main()
   19          {
   20   1          int i;
   21   1          
   22   1          clock_init(SYSTEM_CLOCK_30M);
   23   1              debug_init();
   24   1      
   25   1          pwm_init(PWM_SERVO, 50, 0);                                                // ÂàùÂßãÂåñ PWM ÈÄöÈÅì È¢
             -ëÁéá 50HZ ÂàùÂßãÂç†Á©∫ÊØî 0%
   26   1          
   27   1          //ÂÖÉÂô®‰ª∂Ë¶ÅÂÖ±Âú∞ÊâçÊúâÁî®
   28   1      
   29   1          while(1)
   30   1          {
   31   2      
   32   2              pwm_set_duty(PWM_SERVO, 300);
   33   2              system_delay_ms(500);
   34   2              pwm_set_duty(PWM_SERVO, 515);
   35   2              system_delay_ms(500);
   36   2              pwm_set_duty(PWM_SERVO, 730);
   37   2              system_delay_ms(500);
   38   2              pwm_set_duty(PWM_SERVO, 515);
   39   2              system_delay_ms(500);
   40   2      
   41   2          }
   42   1      }
*** WARNING C47 IN LINE 20 OF ..\user\main.c: 'i': unreferenced local variable
   43          
   44          
   45          


Module Information          Static   Overlayable
------------------------------------------------
  code size            =       147     ------
  ecode size           =    ------     ------
  data size            =    ------     ------
  idata size           =    ------     ------
  pdata size           =    ------     ------
  xdata size           =        11     ------
  xdata-const size     =    ------     ------
C251 COMPILER V5.60.0,  main                                                               17/11/25  20:48:01  PAGE 2   

  edata size           =    ------     ------
  bit size             =    ------     ------
  ebit size            =    ------     ------
  bitaddressable size  =    ------     ------
  ebitaddressable size =    ------     ------
  far data size        =    ------     ------
  huge data size       =    ------     ------
  const size           =    ------     ------
  hconst size          =        28     ------
End of Module Information.


C251 COMPILATION COMPLETE.  1 WARNING(S),  0 ERROR(S)
