C251 COMPILER V5.60.0,  main                                                               12/11/25  18:55:13  PAGE 1   


C251 COMPILER V5.60.0, COMPILATION OF MODULE main
OBJECT MODULE PLACED IN .\out_file\main.obj
COMPILER INVOKED BY: D:\MDK\C251\BIN\C251.EXE ..\user\main.c LARGE NOALIAS FLOAT64 WARNINGLEVEL(3) OPTIMIZE(SIZE) BROWSE
                    - INCDIR(..\..\libraries\zf_common;..\..\libraries\zf_components;..\..\libraries\zf_device;..\..\libraries\zf_driver;..\u
                    -ser;..\code) DEBUG PRINT(.\out_file\main.lst) OBJECT(.\out_file\main.obj) 

stmt  level    source

    1          /********************************************************************************************************
             -*************
    2          * STC32G Opensourec Library 即（STC32G 开源库）是一个基于官方 SDK 接口的第三方开源
             -
    3          * Copyright (c) 2022 SEEKFREE 逐飞科技
    4          *
    5          * 本文件是STC 开源库的一部分
    6          *
    7          * STC32G 开源库 是免费软件
    8          * 您可以根据自由软件基金会发布的 GPL（GNU General Public License，即 GNU通用公共许
             -可证）的条款
    9          * 即 GPL 的第3版（即 GPL3.0）或（您选择的）任何后来的版本，重新发布和/或修
             -它
   10          *
   11          * 本开源库的发布是希望它能发挥作用，但并未对其作任何的保证
   12          * 甚至没有隐含的适销性或适合特定用途的保证
   13          * 更多细节请参见 GPL
   14          *
   15          * 您应该在收到本开源库的同时收到一份 GPL 的副本
   16          * 如果没有，请参阅<https://www.gnu.org/licenses/>
   17          *
   18          * 额外注明：
   19          * 本开源库使用 GPL3.0 开源许可证协议 以上许可申明为译文版本
   20          * 许可申明英文版在 libraries/doc 文件夹下的 GPL3_permission_statement.txt 文件中
   21          * 许可证副本在 libraries 文件夹下 即该文件夹下的 LICENSE 文件
   22          * 欢迎各位使用并传播本程序 但修改内容时必须保留逐飞科技的版权声明（即本
             -声明）
   23          *
   24          * 文件名称          
   25          * 公司名称          成都逐飞科技有限公司
   26          * 版本信息          查看 libraries/doc 文件夹内 version 文件 版本说明
   27          * 开发环境          MDK FOR C251
   28          * 适用平台          STC32G
   29          * 店铺链接          https://seekfree.taobao.com/
   30          *
   31          * 修改记录
   32          * 日期              作者           备注
   33          * 2024-08-01        大W            first version
   34          *********************************************************************************************************
             -***********/
   35          
   36          #include "zf_common_headfile.h"
   37          
   38          // *************************** 例程测试说明 ***************************
   39          // 1.核心板烧录完成本例程，完成上电
   40          //
   41          // 2.将P14引脚接入GND，就可以看到LED亮。
   42          //
   43          
   44          #define WAY 1
   45          
   46          void main()
   47          {
   48   1          clock_init(SYSTEM_CLOCK_30M);                               // 务必保留
   49   1              debug_init();                                                           // 务必保留
   50   1      
   51   1      #if WAY
C251 COMPILER V5.60.0,  main                                                               12/11/25  18:55:13  PAGE 2   

   52   1              // 方式一，使用位绑定的方式直接操作引脚
   53   1              // 在clock_init中，已将所有IO设置为双向GPIO，既可以输入，也可以输出
   54   1      #else
                       // 方式二，调用函数库，操作GPIO
                       gpio_init(IO_P14, GPI, 1, GPI_PULL_UP);
                       gpio_init(IO_P52, GPO, 1, GPO_PUSH_PULL);
               #endif  
   59   1              
   60   1              while(1)
   61   1              {
   62   2              #if WAY
   63   2                      // 方式一:
   64   2                      // 使用位绑定的方式直接操作引脚
   65   2                      if(0 == P14)
   66   2                      {
   67   3                              // 点亮LED
   68   3                              P52 = 0;
   69   3                      }
   70   2              #else
                               // 方式二:
                               // 调用函数库，操作GPIO
                               if(0 == gpio_get_level(IO_P14))
                               {
                                       // 点亮LED
                                       gpio_set_level(IO_P52, 0);
                               }
                       #endif
   79   2              }
   80   1      }
   81          
   82          // **************************** 代码区域 ****************************
   83          
   84          // *************************** 例程常见问题说明 ***************************
   85          // 遇到问题时请按照以下问题检查列表检查
   86          //
   87          // 问题1：没有看到led亮
   88          //      LED坏了
   89          //      代码没有下载进去
   90          
   91          
   92          


Module Information          Static   Overlayable
------------------------------------------------
  code size            =        60     ------
  ecode size           =    ------     ------
  data size            =    ------     ------
  idata size           =    ------     ------
  pdata size           =    ------     ------
  xdata size           =    ------     ------
  xdata-const size     =    ------     ------
  edata size           =    ------     ------
  bit size             =    ------     ------
  ebit size            =    ------     ------
  bitaddressable size  =    ------     ------
  ebitaddressable size =    ------     ------
  far data size        =    ------     ------
  huge data size       =    ------     ------
  const size           =    ------     ------
  hconst size          =         2     ------
End of Module Information.


C251 COMPILATION COMPLETE.  0 WARNING(S),  0 ERROR(S)
