C251 COMPILER V5.60.0,  main                                                               14/11/25  19:21:30  PAGE 1   


C251 COMPILER V5.60.0, COMPILATION OF MODULE main
OBJECT MODULE PLACED IN .\out_file\main.obj
COMPILER INVOKED BY: D:\MDK\C251\BIN\C251.EXE ..\user\main.c LARGE NOALIAS FLOAT64 WARNINGLEVEL(3) OPTIMIZE(SIZE) BROWSE
                    - INCDIR(..\..\libraries\zf_common;..\..\libraries\zf_components;..\..\libraries\zf_device;..\..\libraries\zf_driver;..\u
                    -ser;..\code) DEBUG PRINT(.\out_file\main.lst) OBJECT(.\out_file\main.obj) 

stmt  level    source

    1          /********************************************************************************************************
             -*************
    2          * STC32G Opensourec Library 即（STC32G 开源库）是一个基于官方 SDK 接口的第三方开源
             -
    3          * Copyright (c) 2022 SEEKFREE 逐飞科技
    4          *
    5          * 本文件是STC 开源库的一部分
    6          *
    7          * STC32G 开源库 是免费软件
    8          * 您可以根据自由软件基金会发布的 GPL（GNU General Public License，即 GNU通用公共许
             -可证）的条款
    9          * 即 GPL 的第3版（即 GPL3.0）或（您选择的）任何后来的版本，重新发布和/或修
             -它
   10          *
   11          * 本开源库的发布是希望它能发挥作用，但并未对其作任何的保证
   12          * 甚至没有隐含的适销性或适合特定用途的保证
   13          * 更多细节请参见 GPL
   14          *
   15          * 您应该在收到本开源库的同时收到一份 GPL 的副本
   16          * 如果没有，请参阅<https://www.gnu.org/licenses/>
   17          *
   18          * 额外注明：
   19          * 本开源库使用 GPL3.0 开源许可证协议 以上许可申明为译文版本
   20          * 许可申明英文版在 libraries/doc 文件夹下的 GPL3_permission_statement.txt 文件中
   21          * 许可证副本在 libraries 文件夹下 即该文件夹下的 LICENSE 文件
   22          * 欢迎各位使用并传播本程序 但修改内容时必须保留逐飞科技的版权声明（即本
             -声明）
   23          *
   24          * 文件名称          
   25          * 公司名称          成都逐飞科技有限公司
   26          * 版本信息          查看 libraries/doc 文件夹内 version 文件 版本说明
   27          * 开发环境          MDK FOR C251
   28          * 适用平台          STC32G
   29          * 店铺链接          https://seekfree.taobao.com/
   30          *
   31          * 修改记录
   32          * 日期              作者           备注
   33          * 2024-08-01        大W            first version
   34          *********************************************************************************************************
             -***********/
   35          // 打开新的工程或者工程移动了位置务必执行以下操作
   36          // 第一步 关闭上面所有打开的文件
   37          // 第二步 project->clean  等待下方进度条走完
   38          // *************************** 例程硬件连接说明 ***************************
   39          // 使用 IPS200PRO屏幕插到主板上
   40          //      CLK                 查看 zf_device_ips200pro.h 中 IPS200PRO_CLK_PIN  宏定义 
   41          //      MOSI                查看 zf_device_ips200pro.h 中 IPS200PRO_MOSI_PIN 宏定义
   42          //      MISO                查看 zf_device_ips200pro.h 中 IPS200PRO_MISO_PIN 宏定义
   43          //      RST                 查看 zf_device_ips200pro.h 中 IPS200PRO_RST_PIN  宏定义 
   44          //      INT                 查看 zf_device_ips200pro.h 中 IPS200PRO_INT_PIN  宏定义 
   45          //      CS                  查看 zf_device_ips200pro.h 中 IPS200PRO_CS_PIN   宏定义  
   46          //      GND                 核心板电源地 GND
   47          //      3V3                 核心板 3V3 电源
   48          
   49          
   50          // *************************** 例程测试说明 ***************************
   51          // 1.核心板烧录完成本例程 主板电池供电
C251 COMPILER V5.60.0,  main                                                               14/11/25  19:21:30  PAGE 2   

   52          // 
   53          // 2，接上屏幕，按一下复位，屏幕上会显示亮起并显示页面
   54          // 
   55          // 3.通过按键控制页面 
   56          
   57          // **************************** 代码区域 ****************************
   58          
   59          #include "zf_common_headfile.h"
   60          
   61          
   62          // 保存屏幕的栈大小，
   63          uint32 ips200pro_stack_size;
   64          
   65          // 保存创建的页面ID，当需要对页面进行操作的时候则需要填写此ID
   66          uint16  page_id[3];
   67          
   68          uint8 switch_num;
   69                  
   70          void main()
   71          {
   72   1          clock_init(SYSTEM_CLOCK_30M);
   73   1              debug_init();
   74   1              system_delay_ms(300);
   75   1          
   76   1          // 初始化屏幕并创建一个页面，以及设置页面标题显示位置以及标题宽度
   77   1          page_id[0] = ips200pro_init("图像", IPS200PRO_TITLE_BOTTOM, 30);
   78   1      
   79   1          // 获取屏幕信息，根据个人需求调用 1064主板屏幕接口没有连接芯片的miso，
             -以无法使用获取的功能
   80   1          ips200pro_get_information(&ips200pro_information);
   81   1          ips200pro_get_free_stack_size(&ips200pro_stack_size);
   82   1          ips200pro_get_time(&ips200pro_time);
   83   1      
   84   1          // 设置全局字体为16号
   85   1          ips200pro_set_default_font(FONT_SIZE_16);
   86   1      
   87   1          // 屏幕设置为竖屏
   88   1          ips200pro_set_direction(IPS200PRO_PORTRAIT);
   89   1      
   90   1          // 增加一个页面 标题为参数
   91   1          page_id[1] = ips200pro_page_create("参数");
   92   1          // 增加一个页面 标题为测试
   93   1          page_id[2] = ips200pro_page_create("测试");
   94   1      
   95   1          // 修改指定页面的标题名称
   96   1          ips200pro_page_set_title_name(page_id[2], "波形");
   97   1      
   98   1          // ID填写0隐藏所有页面，这样可以避免将页面属性修改的过程显示出来
   99   1          ips200pro_page_hidden(0, 1);
  100   1      
  101   1          // 设置选中页面的标题背景颜色，填写任意一个创建完成的页面ID即可
  102   1          ips200pro_set_color(page_id[0], COLOR_PAGE_SELECTED_BG, IPS200PRO_RGB888_TO_RGB565(0xFF, 0xE3, 0xE3))
             -;
  103   1      
  104   1          // 设置页面的背景色
  105   1          ips200pro_set_color(page_id[0], COLOR_BACKGROUND, IPS200PRO_RGB888_TO_RGB565(0x50, 0x8D, 0xD6));
  106   1          ips200pro_set_color(page_id[1], COLOR_BACKGROUND, IPS200PRO_RGB888_TO_RGB565(0xD4, 0x6E, 0x64));
  107   1          ips200pro_set_color(page_id[2], COLOR_BACKGROUND, IPS200PRO_RGB888_TO_RGB565(0xEC, 0xAD, 0x51));
  108   1      
  109   1          // 设置页面标题文字颜色，填写任意一个创建完成的页面ID即可
  110   1          ips200pro_set_color(page_id[0], COLOR_FOREGROUND, RGB565_BLACK);
  111   1      
  112   1          // 设置页面选中后的标题文字颜色，填写任意一个创建完成的页面ID即可
  113   1          ips200pro_set_color(page_id[0], COLOR_PAGE_SELECTED_TEXT, RGB565_WHITE);
  114   1      
  115   1          // 切换页面，切换到第一个页面
C251 COMPILER V5.60.0,  main                                                               14/11/25  19:21:30  PAGE 3   

  116   1          ips200pro_page_switch(page_id[0] ,PAGE_ANIM_ON);
  117   1      
  118   1          // 页面所有设置已经完成，打开所有页面显示，ID填写0即可
  119   1          ips200pro_page_hidden(0, 0);
  120   1      
  121   1          // 设置屏幕背光亮度，可以设置范围0-255
  122   1          ips200pro_set_backlight(255);    
  123   1      
  124   1          while (1)
  125   1          {
  126   2              switch_num = 0;
  127   2              // 页面切换效果展示
  128   2              while(switch_num < 3)
  129   2              {
  130   3                  ips200pro_page_switch(page_id[switch_num++] ,PAGE_ANIM_ON);
  131   3                  system_delay_ms(1000);  // 延时查看页面创建后的效果
  132   3              }
  133   2          }
  134   1      }
  135          


Module Information          Static   Overlayable
------------------------------------------------
  code size            =       358     ------
  ecode size           =    ------     ------
  data size            =    ------     ------
  idata size           =    ------     ------
  pdata size           =    ------     ------
  xdata size           =        11     ------
  xdata-const size     =    ------     ------
  edata size           =    ------     ------
  bit size             =    ------     ------
  ebit size            =    ------     ------
  bitaddressable size  =    ------     ------
  ebitaddressable size =    ------     ------
  far data size        =    ------     ------
  huge data size       =    ------     ------
  const size           =    ------     ------
  hconst size          =        30     ------
End of Module Information.


C251 COMPILATION COMPLETE.  0 WARNING(S),  0 ERROR(S)
