C251 COMPILER V5.60.0,  main                                                               12/11/25  17:50:50  PAGE 1   


C251 COMPILER V5.60.0, COMPILATION OF MODULE main
OBJECT MODULE PLACED IN .\out_file\main.obj
COMPILER INVOKED BY: D:\MDK\C251\BIN\C251.EXE ..\user\main.c LARGE NOALIAS FLOAT64 WARNINGLEVEL(3) OPTIMIZE(SIZE) BROWSE
                    - INCDIR(..\..\libraries\zf_common;..\..\libraries\zf_components;..\..\libraries\zf_device;..\..\libraries\zf_driver;..\u
                    -ser;..\code) DEBUG PRINT(.\out_file\main.lst) OBJECT(.\out_file\main.obj) 

stmt  level    source

    1          /********************************************************************************************************
             -*************
    2          * STC32G Opensourec Library 即（STC32G 开源库）是一个基于官方 SDK 接口的第三方开源
             -
    3          * Copyright (c) 2022 SEEKFREE 逐飞科技
    4          *
    5          * 本文件是STC 开源库的一部分
    6          *
    7          * STC32G 开源库 是免费软件
    8          * 您可以根据自由软件基金会发布的 GPL（GNU General Public License，即 GNU通用公共许
             -可证）的条款
    9          * 即 GPL 的第3版（即 GPL3.0）或（您选择的）任何后来的版本，重新发布和/或修
             -它
   10          *
   11          * 本开源库的发布是希望它能发挥作用，但并未对其作任何的保证
   12          * 甚至没有隐含的适销性或适合特定用途的保证
   13          * 更多细节请参见 GPL
   14          *
   15          * 您应该在收到本开源库的同时收到一份 GPL 的副本
   16          * 如果没有，请参阅<https://www.gnu.org/licenses/>
   17          *
   18          * 额外注明：
   19          * 本开源库使用 GPL3.0 开源许可证协议 以上许可申明为译文版本
   20          * 许可申明英文版在 libraries/doc 文件夹下的 GPL3_permission_statement.txt 文件中
   21          * 许可证副本在 libraries 文件夹下 即该文件夹下的 LICENSE 文件
   22          * 欢迎各位使用并传播本程序 但修改内容时必须保留逐飞科技的版权声明（即本
             -声明）
   23          *
   24          * 文件名称          
   25          * 公司名称          成都逐飞科技有限公司
   26          * 版本信息          查看 libraries/doc 文件夹内 version 文件 版本说明
   27          * 开发环境          MDK FOR C251
   28          * 适用平台          STC32G
   29          * 店铺链接          https://seekfree.taobao.com/
   30          *
   31          * 修改记录
   32          * 日期              作者           备注
   33          * 2024-08-01        大W            first version
   34          *********************************************************************************************************
             -***********/
   35          
   36          #include "zf_common_headfile.h"
   37          
   38          // *************************** 例程硬件连接说明 ***************************
   39          // 使用 type-c 连接
   40          //      直接将type-c插入核心板，即可使用板载ch340串口
   41          //
   42          // 使用 USB-TTL 模块连接
   43          //      模块管脚            单片机管脚
   44          //      USB-TTL-RX          查看 zf_common_debug.h 文件中 DEBUG_UART_TX_PIN 宏定义的引脚 默
             - P31
   45          //      USB-TTL-TX          查看 zf_common_debug.h 文件中 DEBUG_UART_RX_PIN 宏定义的引脚 默
             - P30
   46          //      USB-TTL-GND         核心板电源地 GND
   47          //      USB-TTL-3V3         核心板 3V3 电源
   48          
   49          // *************************** 例程测试说明 ***************************
C251 COMPILER V5.60.0,  main                                                               12/11/25  17:50:50  PAGE 2   

   50          // 1.核心板烧录完成本例程，单独使用 type-c接口 或者 USB-TTL 模块，在断电情况
             -完成连接
   51          //
   52          // 2.将 type-c接口 或者 USB-TTL 模块连接电脑，完成上电
   53          //
   54          // 3.电脑上使用串口助手打开对应的串口，串口波特率为 DEBUG_UART_BAUDRATE 宏定义 
             -默认 115200，核心板按下复位按键
   55          //
   56          // 4.可以在串口助手上看到如下串口信息：
   57          //      UART Text.
   58          //
   59          // 5.通过串口助手发送数据，会收到相同的反馈数据
   60          //      UART get data:.......
   61          //
   62          // 如果发现现象与说明严重不符 请参照本文件最下方 例程常见问题说明 进行排
             -查
   63          
   64          #define UART_INDEX              (DEBUG_UART_INDEX   )                           // 默认 UART_1
   65          #define UART_BAUDRATE           (DEBUG_UART_BAUDRATE)                           // 默认 115200
   66          #define UART_TX_PIN             (DEBUG_UART_TX_PIN  )                           // 默认 UART1_TX_P31
   67          #define UART_RX_PIN             (DEBUG_UART_RX_PIN  )                           // 默认 UART1_RX_P30
   68          
   69          
   70          uint8       uart_get_data[64] = {0};                                                  // 串口接收数
             -缓冲区
   71          uint8       fifo_get_data[64] = {0};                                                 // fifo 输出读出
             -缓冲区
   72          
   73          
   74          uint32      fifo_data_count = 0;                                                // fifo 数据个数
   75          
   76          fifo_struct uart_data_fifo = {0};
   77          
   78          
   79          //-------------------------------------------------------------------------------------------------------
             -------------
   80          // 函数简介     UART_INDEX 的接收中断处理函数 这个函数将在 UART_INDEX 对应的中断
             -用 详见 isr.c
   81          // 参数说明     void
   82          // 返回参数     void
   83          // 使用示例     uart_rx_interrupt_handler();
   84          //-------------------------------------------------------------------------------------------------------
             -------------
   85          void uart_rx_interrupt_handler (uint8 dat)
   86          {
   87   1      //    get_data = uart_read_byte(UART_INDEX);                                      // 接收数据 while 
             -待式 不建议在中断使用
   88   1          uart_query_byte(UART_INDEX, &dat);                                     // 接收数据 查询式 有
             -据会返回 TRUE 没有数据会返回 FALSE
   89   1          fifo_write_buffer(&uart_data_fifo, &dat, 1);                           // 将数据写入 fifo 中
   90   1      }
   91          
   92          void main()
   93          {
   94   1          clock_init(SYSTEM_CLOCK_30M);                               // 务必保留
   95   1              debug_init();                                                           // 务必保留
   96   1      
   97   1              
   98   1              // 此处编写用户代码 例如外设初始化代码等
   99   1          fifo_init(&uart_data_fifo, FIFO_DATA_8BIT, uart_get_data, 64);              // 初始化 fifo 挂载
             -冲区
  100   1      
  101   1          uart_init(UART_INDEX, UART_BAUDRATE, UART_TX_PIN, UART_RX_PIN);             // 初始化串口
  102   1          
  103   1              // UART1的中断优先级不能设置，为最低优先级值0
  104   1              // UART1的中断优先级不能设置，为最低优先级值0
C251 COMPILER V5.60.0,  main                                                               12/11/25  17:50:50  PAGE 3   

  105   1              // UART1的中断优先级不能设置，为最低优先级值0
  106   1              uart_rx_interrupt(UART_INDEX, ZF_ENABLE);                                   // 开启 UART_INDEX 的接
             -中断
  107   1          
  108   1      
  109   1              // 设置中断回调函数
  110   1              uart1_irq_handler = uart_rx_interrupt_handler;
  111   1              
  112   1              
  113   1              uart_write_string(UART_INDEX, "UART Text.");                                // 输出测试信息
  114   1          uart_write_byte(UART_INDEX, '\r');                                          // 输出回车
  115   1          uart_write_byte(UART_INDEX, '\n');                                          // 输出换行
  116   1      
  117   1              
  118   1              // 此处编写用户代码 例如外设初始化代码等
  119   1              
  120   1              while(1)
  121   1              {
  122   2              
  123   2              // 此处编写需要循环执行的代码
  124   2              fifo_data_count = fifo_used(&uart_data_fifo);                           // 查看 fifo 是否有
             -据
  125   2              if(fifo_data_count != 0)                                                // 读取到数据了
  126   2              {
  127   3                 fifo_read_buffer(&uart_data_fifo, fifo_get_data, &fifo_data_count, FIFO_READ_AND_CLEAN);    //
             - 将 fifo 中数据读出并清空 fifo 挂载的缓冲
  128   3                 uart_write_string(UART_INDEX, "UART get data:");                     // 输出测试信息
  129   3                 uart_write_buffer(UART_INDEX, fifo_get_data, (uint16)fifo_data_count);       // 将读取到
             -数据发送出去
  130   3                 uart_write_string(UART_INDEX, "\r\n");                               // 输出测试信息
  131   3              }
  132   2           
  133   2              system_delay_ms(10);
  134   2              // 此处编写需要循环执行的代码
  135   2              }
  136   1      }
  137          
  138          // *************************** 例程常见问题说明 ***************************
  139          // 遇到问题时请按照以下问题检查列表检查
  140          //
  141          // 问题1：串口没有数据
  142          //      查看串口助手打开的是否是正确的串口，检查打开的 COM 口是否对应的是
             -载ch340的type-c 或者 USB-TTL 模块
  143          //      如果是使用板载ch340的type-c连接，那么检查下载器线是否松动
  144          //      如果是使用 USB-TTL 模块连接，那么检查连线是否正常是否松动，模块 TX 是
             -否连接的核心板的 RX，模块 RX 是否连接的核心板的 TX
  145          //


Module Information          Static   Overlayable
------------------------------------------------
  code size            =       354     ------
  ecode size           =    ------     ------
  data size            =    ------     ------
  idata size           =    ------     ------
  pdata size           =    ------     ------
  xdata size           =       155          1
  xdata-const size     =    ------     ------
  edata size           =    ------     ------
  bit size             =    ------     ------
  ebit size            =    ------     ------
  bitaddressable size  =    ------     ------
  ebitaddressable size =    ------     ------
  far data size        =    ------     ------
  huge data size       =    ------     ------
  const size           =    ------     ------
  hconst size          =       206     ------
C251 COMPILER V5.60.0,  main                                                               12/11/25  17:50:50  PAGE 4   

End of Module Information.


C251 COMPILATION COMPLETE.  0 WARNING(S),  0 ERROR(S)
