C251 COMPILER V5.60.0,  self_LCD                                                           19/11/25  22:35:40  PAGE 1   


C251 COMPILER V5.60.0, COMPILATION OF MODULE self_LCD
OBJECT MODULE PLACED IN .\out_file\self_LCD.obj
COMPILER INVOKED BY: D:\MDK\C251\BIN\C251.EXE ..\code\self_LCD.c LARGE NOALIAS FLOAT64 WARNINGLEVEL(3) OPTIMIZE(SIZE) BR
                    -OWSE INCDIR(..\..\libraries\zf_common;..\..\libraries\zf_components;..\..\libraries\zf_device;..\..\libraries\zf_driver;
                    -..\user;..\code;..\Hardware) DEBUG PRINT(.\out_file\self_LCD.lst) OBJECT(.\out_file\self_LCD.obj) 

stmt  level    source

    1          //========================================================
    2          // TFT 1.8" å½©è‰²æ˜¾ç¤ºå± 160*128
    3          // é©±åŠ¨:ST7735 
    4          // åŸºäº:STC32G12K128èŠ¯ç‰‡ å± é¾™åˆ€ä¸‰æ ¸å¿ƒå®éªŒæ¿
    5          // ç¼–ç¨‹:æµ¦æ™“æ˜(æµ¦æ±Ÿä¸€æ°´) 2024-06-01 PXM
    6          //========================================================
    7          #include "self_LCD.h"
    8          #include "ASCII.h"
    9          #include "LCD_HZK.h"
   10          #include "STC32Gxx.h"
   11          #include "PIC.h"
   12          
   13          //æ•°æ®ç±»å‹å®šä¹‰
   14          #define u8  unsigned char 
   15          #define u16 unsigned int
   16          //å±å¹•åƒç´ è¯´æ˜
   17          #define Height 160      //é«˜
   18          #define Width  128      //å®½
   19          //RGB_565_16ä½è‰²å½©å®šä¹‰
   20          #define RED    0xF800   //çº¢è‰²
   21          #define GREEN  0x07E0   //ç»¿è‰²
   22          #define BLUE   0x001F   //è“è‰²
   23          #define YELLOW 0xFFE0   //é»„è‰²
   24          #define WHITE  0xFFFF   //ç™½è‰²
   25          #define BLACK  0x0000   //é»‘è‰²
   26          #define PURPLE 0xF81F   //ç´«è‰²
   27          /* 32å½©è‰²è¡¨è‰²å·å®šä¹‰ */
   28          unsigned int code COLOR[]={
   29            0x0000,   //0é»‘è‰²  00000 000000 00000
   30            0x1048,   //1è“è‰²  00010 000010 01000
   31            0x1442,   //2ç»¿è‰²  00010 100010 00010
   32            0x1452,   //3é’è‰²  00010 100010 10010
   33            0x9042,   //4çº¢è‰²  10010 000010 00010
   34            0x9052,   //5ç´«è‰²  10010 000010 10010
   35            0xA484,   //6æ©™è‰²  10100 100100 00100
   36            0x8410,   //7ç°è‰²  10000 100000 10000
   37            0xC618,   //8äº®ç°  11000 110000 11000
   38            0x001F,   //9äº®è“  00000 000000 11111 
   39            0x07E0,   //10äº®ç»¿
   40            0x07FF,   //11äº®é’ 0000 0111 1111 1111
   41            0xF800,   //12äº®çº¢
   42            0xF81F,   //13äº®ç´«
   43            0xFFE0,   //14é»„è‰²
   44            0xFFFF,   //15ç™½è‰²
   45            0x2104,   //16æ·±ç°
   46            0x0006,   //17æš—è“
   47            0x79EF,   //18æµ…ç´«
   48            0x8408,   //19åœŸé»„
   49            0x0180,   //20æš—ç»¿ 0000 0001 1000 0000 
   50            0x041F,   //21æ²³è“
   51            0x0210,   //22è“é»‘
   52            0x801F,   //23ç´«è‰²
   53            0x8200,   //24å’–å•¡
   54            0xF81F,   //25äº®ç´«
   55            0xFFF0,   //26æµ…é»„
   56            0x0700,   //27ç¿ ç»¿ 0000 0111 0000 0000
   57            0xC7FF,   //28äº®é’ 1100 0111 1111 1111
C251 COMPILER V5.60.0,  self_LCD                                                           19/11/25  22:35:40  PAGE 2   

   58            0x841F,   //29é’ç°
   59            0xF810,   //30æ®·çº¢
   60            0xFC08,   //31æ©™è‰²
   61          };
   62          //================================================================
   63          // æ¥å£å®šä¹‰: åˆ©ç”¨LCD1602æ¥å£(åç›¸æ’åº)
   64          // 1602:  K- A+  D7  D6  D5  D4  D3  D2 D1 D0 E WR RS Vo VCC GND
   65          // OLED: GND VCC SCL SDA RES DC  CS     12864å•è‰²OLED
   66          // TFT:  GND VCC P25 P23 P20 P21 P22 BL 128160 TFT     
   67          //================================================================
   68          sbit SCL = P2^5;  //æ—¶é’Ÿç«¯
   69          sbit SDA = P2^3;  //æ•°æ®ç«¯
   70          sbit RES = P2^0;  //å¤ä½ç«¯ 0:å¤ä½
   71          sbit  DC = P2^1;  //0:æŒ‡ä»¤/1:æ•°æ®
   72          sbit  CS = P2^2;  //ç‰‡é€‰ 0:é€‰ä¸­
   73          sbit  BL = P2^7;  //èƒŒå…‰ 0:ç­ 1:äº®
   74          //========================================================
   75          //å‡½æ•°è¯´æ˜
   76          void delay(u16 count);     //å»¶æ—¶
   77          void LCD_WR_CMD(u8 Cmd);   //å†™å‘½ä»¤ 
   78          void LCD_WR_DAT(u8 Dat);   //å†™æ•°æ® 
   79          //========================================================
   80          // éç²¾ç¡®å»¶æ—¶å‡½æ•°
   81          //========================================================
   82          void delay(u16 count)
   83          { unsigned int i,j;
   84   1        for(i=0;i<count;i++)       
   85   1          for(j=0;j<500;j++);             
   86   1      }
   87          //========================================================
   88          // SPIæ¥å£å†™ä¸€å­—èŠ‚æ•°æ®åŸºæœ¬å‡½æ•°
   89          //========================================================
   90          void SPI_WriteByte(u8 Byte)
   91          { int i;
   92   1        for(i=0;i<8;i++)
   93   1        { if(Byte &0x80)SDA=1;
   94   2          else          SDA=0;
   95   2          SCL=0;
   96   2          SCL=1;
   97   2          Byte<<=1;
   98   2        }
   99   1      }
  100          //========================================================
  101          // å†™å‘½ä»¤åŸºæœ¬å‡½æ•° 8ä½æ•° ä¸€å­—èŠ‚
  102          //========================================================
  103          void LCD_WR_CMD(u8 Cmd)
  104          { 
  105   1        CS=0;
  106   1        DC=0;
  107   1        SPI_WriteByte(Cmd);
  108   1        CS=1; 
  109   1      }
  110          //========================================================
  111          // å†™æ•°æ®ä»¤åŸºæœ¬å‡½æ•° 8ä½æ•° ä¸€å­—èŠ‚
  112          //========================================================
  113          void LCD_WR_DAT(u8 Dat)
  114          { 
  115   1        CS=0;
  116   1        DC=1;
  117   1        SPI_WriteByte(Dat);
  118   1        CS=1;
  119   1      }
  120          //========================================================
  121          // å†™æ•°æ®ä»¤åŸºæœ¬å‡½æ•° 16ä½æ•° 2å­—èŠ‚
  122          //========================================================
  123          void LCD_WR_DATA(u16 Data)
C251 COMPILER V5.60.0,  self_LCD                                                           19/11/25  22:35:40  PAGE 3   

  124          {
  125   1        CS=0;
  126   1        DC=1;
  127   1        SPI_WriteByte((u8)(Data/256));
  128   1        SPI_WriteByte((u8)(Data%256));
  129   1        CS=1;
  130   1      }
  131          //========================================================
  132          // æ˜¾ç¤ºå±åˆå§‹åŒ–
  133          //========================================================
  134          void  LCD_Init(void)
  135          { 
  136   1        //CS=0;  //ç‰‡é€‰ä¸­
  137   1        //BL=1;  //èƒŒå…‰äº®
  138   1        //--ST7735R Reset Sequence--
  139   1        //RES =1; delay(20);   //Delay 20ms 
  140   1        RES =0; delay(120);  //Delay 120ms 
  141   1        RES =1; delay(100);  //Delay 100ms 
  142   1        //--End ST7735S Reset Sequence--
  143   1        LCD_WR_CMD(0x11);  //Sleep out 
  144   1        delay(120);          //Delay 120ms 
  145   1        //--ST7735S Frame Rate-- 
  146   1        LCD_WR_CMD(0xB1); LCD_WR_DAT(0x01); LCD_WR_DAT(0x2C); LCD_WR_DAT(0x2D); 
  147   1        LCD_WR_CMD(0xB2); LCD_WR_DAT(0x01); LCD_WR_DAT(0x2C); LCD_WR_DAT(0x2D); 
  148   1        LCD_WR_CMD(0xB3); LCD_WR_DAT(0x01); LCD_WR_DAT(0x2C); LCD_WR_DAT(0x2D); 
  149   1                          LCD_WR_DAT(0x01); LCD_WR_DAT(0x2C); LCD_WR_DAT(0x2D); 
  150   1        //--End ST7735S Frame Rate--
  151   1        LCD_WR_CMD(0xB4); LCD_WR_DAT(0x07); //Dot inversion 
  152   1        //--ST7735S Power Sequence--
  153   1        LCD_WR_CMD(0xC0); LCD_WR_DAT(0xA2); LCD_WR_DAT(0x02); LCD_WR_DAT(0x84); 
  154   1        LCD_WR_CMD(0xC1); LCD_WR_DAT(0xC5); 
  155   1        LCD_WR_CMD(0xC2); LCD_WR_DAT(0x0A); LCD_WR_DAT(0x00); 
  156   1        LCD_WR_CMD(0xC3); LCD_WR_DAT(0x8A); LCD_WR_DAT(0x2A); 
  157   1        LCD_WR_CMD(0xC4); LCD_WR_DAT(0x8A); LCD_WR_DAT(0xEE); 
  158   1        //--End ST7735S Power Sequence--
  159   1        LCD_WR_CMD(0xC5); LCD_WR_DAT(0x0E); //VCOM //1a
  160   1        LCD_WR_CMD(0x36); LCD_WR_DAT(0xC0); //LCD_WR_DAT(0xC0);ç«–å± // LCD_WR_DAT(0xA8); æ¨ªå±  //MX, MY, RG
             -B mode 
  161   1        //--ST7735S Gamma Sequence--
  162   1        LCD_WR_CMD(0xE0); LCD_WR_DAT(0x0F); LCD_WR_DAT(0x1A); LCD_WR_DAT(0x0F); LCD_WR_DAT(0x18); 
  163   1                          LCD_WR_DAT(0x2F); LCD_WR_DAT(0x28); LCD_WR_DAT(0x20); LCD_WR_DAT(0x22); 
  164   1                          LCD_WR_DAT(0x1F); LCD_WR_DAT(0x1B); LCD_WR_DAT(0x23); LCD_WR_DAT(0x37); 
  165   1                          LCD_WR_DAT(0x00); LCD_WR_DAT(0x07); LCD_WR_DAT(0x02); LCD_WR_DAT(0x10); 
  166   1        LCD_WR_CMD(0xE1); LCD_WR_DAT(0x0F); LCD_WR_DAT(0x1B); LCD_WR_DAT(0x0F); LCD_WR_DAT(0x17); 
  167   1                          LCD_WR_DAT(0x33); LCD_WR_DAT(0x2C); LCD_WR_DAT(0x29); LCD_WR_DAT(0x2E); 
  168   1                          LCD_WR_DAT(0x30); LCD_WR_DAT(0x30); LCD_WR_DAT(0x39); LCD_WR_DAT(0x3F); 
  169   1                          LCD_WR_DAT(0x00); LCD_WR_DAT(0x07); LCD_WR_DAT(0x03); LCD_WR_DAT(0x10); 
  170   1        LCD_WR_CMD(0x2A); LCD_WR_DAT(0x00); LCD_WR_DAT(0x00); LCD_WR_DAT(0x00); LCD_WR_DAT(0x80);  //å®½åº¦128
  171   1        LCD_WR_CMD(0x2B); LCD_WR_DAT(0x00); LCD_WR_DAT(0x00); LCD_WR_DAT(0x00); LCD_WR_DAT(0xA0);  //é«˜åº¦160
  172   1              LCD_WR_CMD(0xF0); LCD_WR_DAT(0x01);  //Enable test command  
  173   1              LCD_WR_CMD(0xF6); LCD_WR_DAT(0x00);  //Disable ram power save mode 
  174   1      //LCD_WR_CMD(0x2C); 
  175   1        //--End ST7735S Gamma Sequence--
  176   1        LCD_WR_CMD(0x3A); LCD_WR_DAT(0x05); //65k mode 
  177   1        LCD_WR_CMD(0x29); //Display on
  178   1        BL=1;  //èƒŒå…‰äº®
  179   1      }
  180          //========================================================
  181          //è®¾ç½®æ˜¾ç¤ºçª—å£: X,Yå·¦ä¸Šåæ ‡,Wå®½,Hé«˜ 
  182          //========================================================
  183          void LCD_SetBox(unsigned char X,unsigned char Y,unsigned char W,unsigned char H)
  184          { 
  185   1        LCD_WR_CMD(0x2A); LCD_WR_DAT(0); LCD_WR_DAT(X); LCD_WR_DAT((unsigned char)(X+W-1)); LCD_WR_DAT((unsigne
             -d char)(X+W-1));
  186   1        LCD_WR_CMD(0x2B); LCD_WR_DAT(0); LCD_WR_DAT(Y); LCD_WR_DAT((unsigned char)(Y+H-1)); LCD_WR_DAT((unsigne
             -d char)(Y+H-1));
C251 COMPILER V5.60.0,  self_LCD                                                           19/11/25  22:35:40  PAGE 4   

  187   1        LCD_WR_CMD(0x2C);
  188   1      }
  189          //========================================================
  190          // æŒ‡å®š16ä½è‰²æ¸…å± Color (16ä½ RGB è‰²)
  191          //========================================================
  192          //void LCD_CLS(u16 Color)
  193          //{ int i,j;
  194          //  LCD_SetBox(0,0,128,160);
  195          //      for (i=0;i<Height;i++)
  196          //      { for (j=0;j<Width; j++)
  197          //        LCD_WR_DATA(Color);   //16ä½æ•°æ®
  198          //  }
  199          //}
  200          /*===========================================================================
  201          ** å‡½æ•°åç§°: CLS(unsigned int Color) 
  202          ** åŠŸèƒ½æè¿°: å¯¹LCDè¿›è¡Œåˆå§‹åŒ– åŒæ—¶ç”¨æŸè‰²æ¸…å±
  203          ============================================================================*/
  204          void LCD_CLS(unsigned char Bcolor)
  205          { u16 temp;
  206   1        LCD_WR_CMD(0x2A);LCD_WR_DAT(0x00);LCD_WR_DAT(0x00);LCD_WR_DAT(0x00);LCD_WR_DAT(0x80);   //è®¾ç½®æ°´å¹³G
             -RAMèµ·æ­¢åœ°å€
  207   1        LCD_WR_CMD(0x2B);LCD_WR_DAT(0x00);LCD_WR_DAT(0x00);LCD_WR_DAT(0x00);LCD_WR_DAT(0xA0);   //è®¾ç½®å‚ç›´G
             -RAMèµ·æ­¢åœ°å€
  208   1        LCD_WR_CMD(0x2C); //LCD_WR_Start();
  209   1        for (temp = 0; temp < 20480; temp++) LCD_WR_DATA(COLOR[Bcolor]); //128*160*2=40960
  210   1      }
  211          /*===========================================================================
  212          ** ç§»åŠ¨ç‚¹åæ ‡(è½¬æ¢æˆæ˜¾å­˜åœ°å€,å¹¶åšå¥½è¯»å†™æ•°æ®å‡†å¤‡).
  213          ** è°ƒç”¨å‚æ•°: Xåˆ—(0--159) Yè¡Œ(0--127) 
  214          ============================================================================*/
  215          void LCD_MoveTo(unsigned int X,unsigned int Y)
  216          {
  217   1       LCD_WR_CMD(0x2A); LCD_WR_DAT((u8)(X/256)); LCD_WR_DAT((u8)(X%256)); LCD_WR_DAT(0x00); LCD_WR_DAT(0x80); 
             - //å®šXåæ ‡
  218   1       LCD_WR_CMD(0x2B); LCD_WR_DAT((u8)(Y/256)); LCD_WR_DAT((u8)(Y%256)); LCD_WR_DAT(0x00); LCD_WR_DAT(0xA0); 
             - //å®šYåæ ‡    
  219   1       LCD_WR_CMD(0x2C);
  220   1      }
  221          /*================================================================================
  222          ** ä½œå›¾å‡½æ•°å­é›†
  223          ==================================================================================*/
  224          /* ç”»å½©è‰²ç‚¹å‡½æ•°. è°ƒç”¨å‚æ•°: Xåˆ— Yè¡Œ colorè‰² */
  225          void LCD_Point(unsigned int X,unsigned int Y,unsigned char Fcolor)
  226          { LCD_MoveTo(X,Y); LCD_WR_DATA(COLOR[Fcolor]); }
  227          /* ç”»å½©è‰²æ°´å¹³çº¿å‡½æ•°.è°ƒç”¨å‚æ•°: èµ·å§‹ç‚¹Xåˆ— Yè¡Œ wé•¿åº¦ Colorè‰² */
  228          void LCD_LineH(unsigned int X,unsigned int Y,unsigned int H,unsigned char Fcolor)
  229          { unsigned int n;
  230   1        LCD_MoveTo(X,Y);
  231   1        for(n=0;n<H;n++)LCD_WR_DATA(COLOR[Fcolor]);
  232   1      }
  233          /* ç”»å½©è‰²å‚ç›´çº¿å‡½æ•°.è°ƒç”¨å‚æ•°: èµ·å§‹ç‚¹Xåˆ— Yè¡Œ hé•¿åº¦ Colorè‰² */
  234          void LCD_LineV(unsigned int X,unsigned int Y,unsigned int V,unsigned char Fcolor)
  235          { unsigned int n;
  236   1        for(n=0;n<V;n++){ LCD_MoveTo(X,Y+n); LCD_WR_DATA(COLOR[Fcolor]); }
  237   1      }
  238          /* ä»»æ„ä¸¤ç‚¹ç”»ç›´çº¿å‡½æ•° è°ƒç”¨å‚æ•°:èµ·å§‹ç‚¹X0åˆ—Y0è¡Œ,ç»“æŸç‚¹X1åˆ—Y1è¡Œ,Colorè‰² */
  239          void LCD_Line(unsigned int X1,unsigned int Y1,unsigned int X2,unsigned int Y2,unsigned char Color)
  240          { unsigned int i;
  241   1        float r;
  242   1        if(X1==X2)                                         /* å‚ç›´çº¿ */
  243   1        { if(Y1==Y2){ LCD_Point(X1,Y1,Color); return;          /* ç”»ç‚¹ */  }
  244   2          if(Y1<Y2)LCD_LineV(X1,Y1,Y2-Y1+1,Color);
  245   2          else     LCD_LineV(X1,Y2,Y1-Y2+1,Color); return;
  246   2        }
  247   1        if(X1>X2){ i=X1;X1=X2;X2=i;i=Y1;Y1=Y2;Y2=i; }      /* äº¤æ¢åæ ‡ */
  248   1        if(Y1==Y2){ LCD_LineH(X1,Y1,X2-X1,Color);return; }     /* ç”»æ°´å¹³çº¿ */
C251 COMPILER V5.60.0,  self_LCD                                                           19/11/25  22:35:40  PAGE 5   

  249   1        r=(float)(Y2-Y1)/(float)(X2-X1);                   /* è®¡ç®—æ–œç‡ */
  250   1        if(r>=-1&&r<=1)                                    /* ä¸æ°´å¹³å¤¹è§’<=45åº¦ */
  251   1         for(i=0;i<(X2-X1);i++)LCD_Point(X1+i,Y1+i*r,Color);   /* ç”»å‡ºæ–œçº¿ */
  252   1        else                                               /* æ–œç‡>1  */
  253   1        { r=1/r;
  254   2         if(r>0)                                           /* ä¸æ°´å¹³å¤¹è§’>45åº¦ */ 
  255   2           for(i=0;i<(Y2-Y1);i++)LCD_Point(X1+i*r,Y1+i,Color); /* ç”»å‡ºæ–œçº¿ */
  256   2         else 
  257   2         { r=-r;
  258   3           for(i=0;i<(Y1-Y2);i++)LCD_Point(X1+i*r,Y1-i,Color); /* ç”»å‡ºæ–œçº¿ */
  259   3         }  
  260   2        }
  261   1      }
  262          /*=======================================================================================================
             -=======*/
  263          /* ç”»å½©è‰²çº¿æ–¹æ¡†ç¨‹åº è°ƒç”¨å‚æ•°: èµ·å§‹ç‚¹Xåˆ— Yè¡Œ,å®½åº¦w é«˜åº¦h, å·¦ä¸Šè¾¹è‰²C1,å³ä¸‹è¾¹è‰²
             -C2,èƒŒæ™¯è‰²BC(çº¦å®š80ä¸ºé€æ˜) */
  264          /*=======================================================================================================
             -=======*/
  265          void LCD_Box(unsigned int X,unsigned int Y,unsigned int H,unsigned int V,unsigned char C1,unsigned char C
             -2,unsigned char BC)
  266          { int l; 
  267   1        LCD_LineH(X,Y,H,C1);  LCD_LineV(X,Y,V,C1);
  268   1        LCD_LineH(X,Y+V,H,C2);LCD_LineV(X+H,Y,V+1,C2);
  269   1        if(BC!=80)
  270   1        for(l=1;l<V;l++)LCD_LineH(X+1,Y+l,H-1,BC);
*** WARNING C173 IN LINE 270 OF ..\code\self_LCD.c: '<': signed/unsigned type mismatch
  271   1      }
  272          /*=======================================================================================================
             -=======
  273          ** åœ¨æ¶²æ™¶æ˜¾ç¤ºå±æ˜¾ç¤º5*7ç‚¹é˜µASCå­—ç¬¦ä¸²å‡½æ•°(å ç”¨6*8ç‚¹é˜µ)
  274          ** å‚æ•°: åæ ‡ æ°´å¹³åˆ—X(0-127) å‚ç›´è¡ŒY(0-159), * strä¸²æŒ‡é’ˆ,Fcolorå­—å‰æ™¯è‰²,Bcolorå­—èƒŒæ™¯è
             -‰²,çº¦å®š:è‰²å·80ä¸ºé€æ˜,LenæŒ‡å®šé•¿åº¦ 
  275          =========================================================================================================
             -======*/
  276          void LCD_A08(unsigned int X,unsigned int Y, char *str,unsigned char Fcolor,unsigned char Bcolor,unsigned 
             -char Len)
  277          { unsigned char i,n,buf,A;
  278   1        unsigned int j,l;
  279   1        l=Len; //Strlen(str);          /* è®¡ç®—å­—ç¬¦ä¸²å­—ç¬¦æ•° */
  280   1        for(j=0;j<l;j++)               /* ä¸²å­—ç¬¦è½®æµå¤„ç†  */
  281   1        {                              /* é€ä¸ªæ˜¾ç¤ºå­—ç¬¦ä¸² */
  282   2          A=str[j]-32;                 /* å–å­—ç¬¦çš„ASCç  */
  283   2          for(i=0;i<8;i++)             /* è¦å†™8è¡Œ    */
  284   2          {  buf = ASC8[A][i];         /* å–å­—æ¨¡     */
  285   3             LCD_MoveTo(X+j*6,Y+i);    /* å®šæ˜¾ç¤ºåœ°å€ */
  286   3             for(n=0;n<6;n++)          /* æ¨ªå‘æ˜¾ç¤º6ç‚¹*/
  287   3            { if((buf&0x80)==0x80)LCD_WR_DATA(COLOR[Fcolor]); /* å­—æ¨¡ç‚¹ä¸º1æ˜¾ç¤ºå‰æ™¯è‰² */
  288   4              else                                            /* å­—æ¨¡ç‚¹ä¸º0æ˜¾ç¤ºåŸåº•è‰²æˆ–èƒŒæ™¯è‰² */
  289   4              { if(Bcolor==80){ LCD_MoveTo(X+j*6+n,Y+i); }    /* é€æ˜æ˜¾ç¤ºæ¨¡å¼:ä»…åšåœ°å€+1å®šä½ */
  290   5                else  LCD_WR_DATA(COLOR[Bcolor]);             /* æ­£å¸¸æ˜¾ç¤ºæ¨¡å¼:èƒŒæ™¯è‰² */
  291   5              }
  292   4             buf = buf << 1;           /* æ°´å¹³ç§»ä½å–ç‚¹ */
  293   4            }                          /* æ°´å¹³6ç‚¹æ˜¾ç¤ºæ¯•*/
  294   3          } /* ä¸€ä¸ª6*8ç‚¹é˜µè¥¿æ–‡å­—ç¬¦æ˜¾ç¤ºå®Œæ¯• */
  295   2        }  /* ä¸€å­—ç¬¦ä¸²æ˜¾ç¤ºå®Œæ¯• */
  296   1      }   /* A8()   */
  297          /*=======================================================================================================
             -========
  298          ** åœ¨å½©è‰²LCDæ¶²æ™¶æ˜¾ç¤ºå±æ˜¾ç¤º16ç‚¹é˜µå­—ç¬¦ä¸²å‡½æ•° 
  299          ** å‚æ•°: Xåˆ—Yè¡Œåæ ‡, * strä¸²æŒ‡é’ˆ, Fcolorå­—å‰æ™¯è‰²,Bcolorå­—èƒŒæ™¯è‰²,çº¦å®š:è‰²å·80ä¸ºé€æ˜
             -,LenæŒ‡å®šé•¿åº¦
  300          =========================================================================================================
             -========*/
  301          void LCD_A12(unsigned int X,unsigned int Y, char *str,unsigned char Fcolor,unsigned char Bcolor,unsigned 
             -char Len)
C251 COMPILER V5.60.0,  self_LCD                                                           19/11/25  22:35:40  PAGE 6   

  302          { /* è¡ŒY(0-479) åˆ—X(0-319) */
  303   1        unsigned char i,buf,A[3],n;
  304   1        unsigned int j,l;
  305   1        A[1]=0;A[2]=0;
  306   1        l=Len;                          //Strlen(str);
  307   1        for(i=0;i<l;i++)                /* é€ä¸ªæ˜¾ç¤ºå­—ç¬¦ä¸² */
  308   1        {                               
  309   2         A[0]=str[i];A[1]=str[i+1];
  310   2         for(j=0;j<12;j++)
  311   2         { /* å†™12è¡Œ */
  312   3           buf = ASC12[A[0]-32][j];     /* å–å­—æ¨¡ */
  313   3           LCD_MoveTo(X+i*8,Y+j);           /* å­—ç¬¦å·¦ä¸Šè§’æ˜¾ç¤ºåœ°å€  */
  314   3           for(n=0;n<8;n++)             /* è¥¿æ–‡å­—æ¯æ¨ªå‘æ˜¾ç¤º8ç‚¹ */
  315   3           { if((buf&0x80)==0x80)LCD_WR_DATA(COLOR[Fcolor]);   /* å­—æ¨¡ç‚¹ä¸º1æ˜¾ç¤ºå‰æ™¯è‰² */
  316   4             else                                             /* å­—æ¨¡ç‚¹ä¸º0æ˜¾ç¤ºåŸåº•è‰²æˆ–èƒŒæ™¯è‰² */
  317   4             { if(Bcolor==80){ LCD_MoveTo(X+i*8+n,Y+j); }         /* é€æ˜æ˜¾ç¤ºæ¨¡å¼: ä»…åœ°å€+1å®šä½ */
  318   5               else  LCD_WR_DATA(COLOR[Bcolor]);               /* æ­£å¸¸æ˜¾ç¤ºæ¨¡å¼:èƒŒæ™¯è‰² */
  319   5             }
  320   4             buf = buf << 1; 
  321   4           } /* æ°´å¹³8ç‚¹æ˜¾ç¤ºå®Œæ¯• */
  322   3          } /* ä¸€ä¸ª8*16ç‚¹é˜µè¥¿æ–‡å­—ç¬¦æ˜¾ç¤ºå®Œæ¯• */
  323   2         } /* for(i)  */
  324   1      }   /* A12()  */
  325          /*=======================================================================================================
             -===========
  326          ** åœ¨å½©è‰²LCDæ¶²æ™¶æ˜¾ç¤ºå±æ˜¾ç¤º16ç‚¹é˜µè¥¿æ–‡å­—ç¬¦ä¸²å‡½æ•°(å­—æ¨¡å–è‡ªROM) 
  327          ** å‚æ•°: Xåˆ—Yè¡Œåæ ‡, * strä¸²æŒ‡é’ˆ, Fcolorå­—å‰æ™¯è‰²,Bcolorå­—èƒŒæ™¯è‰²,çº¦å®š:è‰²å·80ä¸ºé€æ˜
             -,LenæŒ‡å®šé•¿åº¦
  328          =========================================================================================================
             -==========*/
  329          void LCD_A16(unsigned int X,unsigned int Y, char *str,unsigned char Fcolor,unsigned char Bcolor,unsigned 
             -char Len)
  330          { /* è¡ŒY(0-479) åˆ—X(0-319) */
  331   1        char i,buf,A,n;
  332   1        unsigned int j,l;
  333   1        l=Len;                          //strlen(str);
  334   1        for(i=0;i<l;i++)                /* é€ä¸ªæ˜¾ç¤ºå­—ç¬¦ä¸² */
  335   1        {  A=str[i];                    /* æ˜¾ç¤ºè¥¿æ–‡ASCIIå­—ç¬¦   */
  336   2           for(j=0;j<16;j++)
  337   2           { /* å†™16è¡Œ */
  338   3             buf = ASC16[A-32][j];      /* å–å­—æ¨¡ */
  339   3             LCD_MoveTo(X+i*8,Y+j);         /* å­—ç¬¦å·¦ä¸Šè§’æ˜¾ç¤ºåœ°å€ */
  340   3             for(n=0;n<8;n++)          /* è¥¿æ–‡å­—æ¯æ¨ªå‘æ˜¾ç¤º8ç‚¹ */
  341   3             { if((buf&0x80)==0x80)LCD_WR_DATA(COLOR[Fcolor]);   /* å­—æ¨¡ç‚¹ä¸º1æ˜¾ç¤ºå‰æ™¯è‰² */
  342   4              else                                              /* å­—æ¨¡ç‚¹ä¸º0æ˜¾ç¤ºåŸåº•è‰²æˆ–èƒŒæ™¯è‰² */
  343   4              { if(Bcolor==80){ LCD_MoveTo(X+i*8+n,Y+j); }          /* é€æ˜æ˜¾ç¤ºæ¨¡å¼: ä»…åœ°å€+1å®šä½ */
  344   5                else  LCD_WR_DATA(COLOR[Bcolor]);                /* æ­£å¸¸æ˜¾ç¤ºæ¨¡å¼:èƒŒæ™¯è‰² */
  345   5              }
  346   4              buf = buf << 1; 
  347   4             } /* æ°´å¹³8ç‚¹æ˜¾ç¤ºå®Œæ¯• */
  348   3           }  /* ä¸€ä¸ª8*16ç‚¹é˜µè¥¿æ–‡å­—ç¬¦æ˜¾ç¤ºå®Œæ¯• */
  349   2        }    /* while   */
  350   1      }     /* A16()   */
  351          /*===================================================================================================
  352          ** åœ¨å•è‰²LCDæ¶²æ™¶æ˜¾ç¤ºå±æ˜¾ç¤º24*16ç‚¹é˜µæ•°å­—ä¸²å‡½æ•° 
  353          ** è°ƒç”¨å‚æ•°: Xåˆ—Yè¡Œåæ ‡, * strä¸²æŒ‡é’ˆ, Fcolorå­—å‰æ™¯è‰²,Bcolorå­—èƒŒæ™¯è‰²,çº¦å®š:è‰²å·80ä¸º
             -é€æ˜,LenæŒ‡å®šé•¿åº¦
  354          =====================================================================================================*/
  355          void LCD_A24(unsigned int X,unsigned int Y, char *str,unsigned char Fcolor,unsigned char Bcolor,unsigned 
             -char Len)
  356          {  /* X(0-319) Y(0-479) */
  357   1        unsigned char n,C;
  358   1        unsigned int i,j,L,Lw=0,ZM;
  359   1        L=Len;                          //strlen(str);
  360   1        for(j=0;j<L;j++)
  361   1        { C=str[j];                     /* é€ä¸ªæ˜¾ç¤ºå­—ç¬¦ä¸² */
C251 COMPILER V5.60.0,  self_LCD                                                           19/11/25  22:35:40  PAGE 7   

  362   2          for(i=0;i<24;i++)
  363   2          { /* å†™24è¡Œ */
  364   3            ZM=ASC24[C-32][i*2];           /* å–å­—æ¨¡ç 1 */
  365   3            ZM=ZM*256+ASC24[C-32][i*2+1];  /* å–å­—æ¨¡ç 2 */
  366   3            LCD_MoveTo(X+Lw,Y+i);              /* å®šä½å·¦ä¸Šè§’ */
  367   3            for(n=0;n<12;n++)
  368   3            { if((ZM&0x8000)==0x8000)LCD_WR_DATA(COLOR[Fcolor]);/* å­—æ¨¡ç‚¹ä¸º1æ˜¾ç¤ºå‰æ™¯è‰² */
  369   4              else                                             /* å­—æ¨¡ç‚¹ä¸º0æ˜¾ç¤ºåŸåº•è‰²æˆ–èƒŒæ™¯è‰² */
  370   4              { if(Bcolor==80) { LCD_MoveTo(X+Lw+n,Y+i); }         /* é€æ˜æ˜¾ç¤ºæ¨¡å¼: ä»…åœ°å€+1å®šä½ */
  371   5                 else LCD_WR_DATA(COLOR[Bcolor]);               /* æ­£å¸¸æ˜¾ç¤ºæ¨¡å¼:èƒŒæ™¯è‰² */
  372   5              }
  373   4              ZM = ZM << 1; 
  374   4            }         /* æ°´å¹³16ç‚¹æ˜¾ç¤ºå®Œæ¯• */
  375   3          } Lw=Lw+12; /* æ°´å¹³åæ ‡ä½ç§» */
  376   2        }             /* ä¸€ä½æ•°å­—æ˜¾ç¤ºå®Œæ¯•  */
  377   1      }   /* A24()   */
  378          /*=======================================================================================================
             -===========
  379          ** åœ¨å½©è‰²LCDæ¶²æ™¶æ˜¾ç¤ºå±æ˜¾ç¤º16ç‚¹é˜µä¸­è¥¿æ–‡æ··åˆå­—ç¬¦ä¸²å‡½æ•°(å°å­—åº“å­—æ¨¡å–è‡ªROM) 
  380          ** å‚æ•°: Xåˆ—Yè¡Œåæ ‡, * strä¸²æŒ‡é’ˆ, Fcolorå­—å‰æ™¯è‰²,Bcolorå­—èƒŒæ™¯è‰²,çº¦å®š:èƒŒæ™¯è‰²å·80ä¸º
             -é€æ˜
  381          =========================================================================================================
             -==========*/
  382          void LCD_H16(unsigned int X,unsigned int Y, char *str,unsigned char Fcolor,unsigned char Bcolor)
  383          { /* è¡ŒY(0-159) åˆ—X(0-127) */
  384   1        unsigned int i,j,l,m=1,p=0,HZM;
  385   1        unsigned char ch[3],zm,n;
  386   1        l=strlen(str);                  //æ±‚å­—ç¬¦ä¸²é•¿åº¦
  387   1        for(i=0;i<l;i++)                //å¾ªç¯æ˜¾ç¤º
  388   1        { ch[0]=str[i];ch[1]=str[i+1];
  389   2          if(ch[0]>160)                 //è‹¥æ˜¯æ±‰å­—...
  390   2          { m=1;p=0;
  391   3            while(m!=0&&p<TotalHZ16)    /* æŸ¥å°å­—åº“æ±‰å­—,è‹¥æ‰¾åˆ°è¿”m=0å’ŒæŒ‡é’ˆp */
  392   3            { m=strncmp(ch,HZ16M[p],2); //æ¯”è¾ƒ...
  393   4              if(m)p=p+1;               //
  394   4            }
  395   3            for(j=0;j<16;j++)           /* æ˜¾ç¤º16è¡Œ */ 
  396   3            { HZM = HZ16[p][j*2];       /* å–æ±‰å­—æ¨¡ */
  397   4              HZM = 256*HZM+(unsigned char)HZ16[p][j*2+1];  
  398   4              LCD_MoveTo(X+i*8,Y+j);    /* èµ·å§‹æ˜¾ç¤ºç‚¹ */
  399   4              for(n=0;n<16;n++)         /* æ±‰å­—æ¨ªå‘æ˜¾ç¤º16ç‚¹   */
  400   4              { if((HZM&0x8000)==0x8000)LCD_WR_DATA(COLOR[Fcolor]); /* å­—æ¨¡ç‚¹ä¸º1æ˜¾ç¤ºå‰æ™¯è‰² */
  401   5                else                                                /* å­—æ¨¡ç‚¹ä¸º0æ˜¾ç¤ºåŸåº•è‰²æˆ–èƒŒæ™¯è‰²
             - */
  402   5                { if(Bcolor==80){ LCD_MoveTo(X+i*8+n,Y+j); }        /* é€æ˜æ˜¾ç¤ºæ¨¡å¼: ä»…åœ°å€+1å®šä½ */
  403   6                  else  LCD_WR_DATA(COLOR[Bcolor]);                 /* æ­£å¸¸æ˜¾ç¤ºæ¨¡å¼:èƒŒæ™¯è‰² */
  404   6                }
  405   5                HZM=HZM<<1;             /* æ±‰å­—ç‚¹æ¨¡å·¦ç§»å‡º */
  406   5              }                         /* æ°´å¹³16ç‚¹æ˜¾ç¤ºå®Œæ¯• */                       
  407   4            } i++;
  408   3          }                             /* ä¸€ä¸ªæ±‰å­—æ˜¾ç¤ºå®Œæ¯• */
  409   2          else
  410   2          { for(j=0;j<16;j++)
  411   3            { /* å†™16è¡Œ */
  412   4              zm = ASC16[ch[0]-32][j];  /* å–å­—æ¨¡ */
  413   4              LCD_MoveTo(X+i*8,Y+j);    /* å­—ç¬¦å·¦ä¸Šè§’æ˜¾ç¤ºåœ°å€ */
  414   4              for(n=0;n<8;n++)          /* è¥¿æ–‡å­—æ¯æ¨ªå‘æ˜¾ç¤º8ç‚¹ */
  415   4              { if((zm&0x80)==0x80)LCD_WR_DATA(COLOR[Fcolor]);   /* å­—æ¨¡ç‚¹ä¸º1æ˜¾ç¤ºå‰æ™¯è‰² */
  416   5                else                                             /* å­—æ¨¡ç‚¹ä¸º0æ˜¾ç¤ºåŸåº•è‰²æˆ–èƒŒæ™¯è‰² */
  417   5                { if(Bcolor==80){ LCD_MoveTo(X+i*8+n,Y+j); }         /* é€æ˜æ˜¾ç¤ºæ¨¡å¼: ä»…åœ°å€+1å®šä½ *
             -/
  418   6                  else  LCD_WR_DATA(COLOR[Bcolor]);              /* æ­£å¸¸æ˜¾ç¤ºæ¨¡å¼:èƒŒæ™¯è‰² */
  419   6                }
  420   5                zm = zm << 1; 
  421   5              } /* æ°´å¹³8ç‚¹æ˜¾ç¤ºå®Œæ¯• */
  422   4            }  /* ä¸€ä¸ª8*16ç‚¹é˜µè¥¿æ–‡å­—ç¬¦æ˜¾ç¤ºå®Œæ¯• */
C251 COMPILER V5.60.0,  self_LCD                                                           19/11/25  22:35:40  PAGE 8   

  423   3          }   /* else_if */
  424   2        }   // å¾ªç¯æ˜¾ç¤ºstr 
  425   1      }    /* H16()   */
  426          /*===================================================================================================
  427          ** åœ¨å•è‰²LCDæ¶²æ™¶æ˜¾ç¤ºå±æ˜¾ç¤º24ç‚¹é˜µä¸­è¥¿æ–‡æ··åˆå­—ç¬¦ä¸²å‡½æ•°  (å°å­—åº“å­—æ¨¡å–è‡ªROM)
  428          ** è°ƒç”¨å‚æ•°: Xåˆ—Yè¡Œåæ ‡, * strä¸²æŒ‡é’ˆ, Fcolorå­—å‰æ™¯è‰²,Bcolorå­—èƒŒæ™¯è‰²,çº¦å®š:è‰²å·80ä¸º
             -é€æ˜
  429          =====================================================================================================*/
  430          void LCD_H24(unsigned int X,unsigned int Y, char *str,unsigned char Fcolor,unsigned char Bcolor)
  431          {  /* X(0-127) Y(0-159) */
  432   1        unsigned char C[3];
  433   1        unsigned int i,j,l,m,n,p,ZM;
  434   1        unsigned long HZM;
  435   1        l=strlen(str);
  436   1        for(i=0;i<l;i++)
  437   1        { /* é€ä¸ªæ˜¾ç¤ºå­—ç¬¦ä¸² */
  438   2          C[0]=str[i];C[1]=str[i+1];   //å–æ±‰å­—å†…ç 
  439   2          if(C[0]>160)                 //æ˜¯æ±‰å­—...
  440   2          { m=1;p=0;
  441   3            while(m!=0&&p<TotalHZ24)   /* æœç´¢æ±‰å­—,è‹¥æ‰¾åˆ°è¿”m=0å’ŒæŒ‡é’ˆp */
  442   3            { m=strncmp(C,HZ24M[p],2);
  443   4              if(m)p=p+1;
  444   4            }
  445   3            for(j=0;j<24;j++)
  446   3            { /* å¾ªç¯å†™24è¡Œ */
  447   4              HZM = HZ24[p][j*3];           /* å–å­—æ¨¡ç  */
  448   4              HZM = HZM*256+(unsigned char)HZ24[p][j*3+1];
  449   4              HZM = HZM*256+(unsigned char)HZ24[p][j*3+2];
  450   4              LCD_MoveTo(X+i*12,Y+j);       /* å­—ç¬¦å·¦ä¸Šè§’æ˜¾ç¤ºåœ°å€ */
  451   4              for(n=0;n<24;n++)             /* æ±‰å­—æ¨ªå‘æ˜¾ç¤º24ç‚¹   */
  452   4              { if((HZM&0x800000)==0x800000)LCD_WR_DATA(COLOR[Fcolor]); /* å­—æ¨¡ç‚¹ä¸º1æ˜¾ç¤ºå‰æ™¯è‰² */
  453   5                else                                                    /* å­—æ¨¡ç‚¹ä¸º0æ˜¾ç¤ºåŸåº•è‰²æˆ–èƒŒæ™
             -¯è‰² */
  454   5                { if(Bcolor==80){ LCD_MoveTo(X+i*12+n,Y+j); }   /* é€æ˜æ˜¾ç¤ºæ¨¡å¼:ä»…åšåœ°å€+1å®šä½ */
  455   6                  else  LCD_WR_DATA(COLOR[Bcolor]);             /* æ­£å¸¸æ˜¾ç¤ºæ¨¡å¼:èƒŒæ™¯è‰² */
  456   6                }
  457   5                HZM = HZM << 1; 
  458   5              }                             /* æ°´å¹³24ç‚¹æ˜¾ç¤ºå®Œæ¯• */
  459   4            }
  460   3            i++;
  461   3          }
  462   2          else
  463   2          { for(j=0;j<24;j++)
  464   3            { /* å†™24è¡Œ */
  465   4              ZM=ASC24[C[0]-32][j*2];          /* å–å­—æ¨¡ç 1 */
  466   4              ZM=ZM*256+ASC24[C[0]-32][j*2+1]; /* å–å­—æ¨¡ç 2 */
  467   4              LCD_MoveTo(X+i*12,Y+j);          /* å®šä½å·¦ä¸Šè§’ */
  468   4              for(n=0;n<12;n++)
  469   4              { if((ZM&0x8000)==0x8000)LCD_WR_DATA(COLOR[Fcolor]);/* å­—æ¨¡ç‚¹ä¸º1æ˜¾ç¤ºå‰æ™¯è‰² */
  470   5                else                                              /* å­—æ¨¡ç‚¹ä¸º0æ˜¾ç¤ºåŸåº•è‰²æˆ–èƒŒæ™¯è‰² *
             -/
  471   5                { if(Bcolor==80) { LCD_MoveTo(X+i*12+n,Y+j); }         /* é€æ˜æ˜¾ç¤ºæ¨¡å¼: ä»…åœ°å€+1å®šä½
             - */
  472   6                  else LCD_WR_DATA(COLOR[Bcolor]);                /* æ­£å¸¸æ˜¾ç¤ºæ¨¡å¼:èƒŒæ™¯è‰² */
  473   6                }
  474   5                ZM = ZM << 1; 
  475   5              } /* æ°´å¹³12ç‚¹æ˜¾ç¤ºå®Œæ¯• */
  476   4            } /* ä¸€ä¸ª12*24ç‚¹é˜µå­—ç¬¦æ˜¾ç¤ºå®Œæ¯•  */
  477   3          } /* else_if */  
  478   2        }  /* å¾ªç¯é€ä¸ªæ˜¾ç¤ºå­—ç¬¦ä¸² */
  479   1      }  /* H24()   */
  480          //========================================================
  481          // æ˜¾ç¤ºå›¾ç‰‡
  482          //========================================================
  483          void LCD_BMP(unsigned char X,unsigned char Y,unsigned char W,unsigned char H,unsigned char * pic)
  484          {       u16 i;
C251 COMPILER V5.60.0,  self_LCD                                                           19/11/25  22:35:40  PAGE 9   

  485   1        u8 h,l;
  486   1              LCD_SetBox(X,Y,W,H);         //è®¾ç½®æ˜¾ç¤ºçª—å£
  487   1        for(i=0;i<W*H;i++)
  488   1        { l=pic[2*i]; h=pic[2*i+1];  //å›¾åƒæ•°æ®:ä½ä½åœ¨å‰/é«˜ä½åœ¨å
  489   2          LCD_WR_DAT(h);             //æ˜¾ç¤ºå½©è‰²ç‚¹(é«˜ä½åœ¨å‰)
  490   2          LCD_WR_DAT(l);             //æ˜¾ç¤ºå½©è‰²ç‚¹(ä½ä½åœ¨å) 
  491   2        }
  492   1              LCD_SetBox(0,0,Width,Height);//æ¢å¤å…¨å±åŒºåŸŸ
  493   1      }
  494          
  495          void LCD_gpio_Init(void)
  496          {
  497   1        unsigned char i;
  498   1        unsigned int wait=0;
  499   1        //IOç«¯å£åˆå§‹åŒ–
  500   1        WTST  = 0; //è®¾ç½®ç¨‹åºæŒ‡ä»¤å»¶æ—¶å‚æ•°ï¼Œèµ‹å€¼ä¸º0å¯å°†CPUæ‰§è¡ŒæŒ‡ä»¤çš„é€Ÿåº¦è®¾ç½®ä¸ºæœ€å¿«
  501   1        EAXFR = 1; //æ‰©å±•å¯„å­˜å™¨(XFR)è®¿é—®ä½¿èƒ½
  502   1        CKCON = 0; //æé«˜è®¿é—®XRAMé€Ÿåº¦
  503   1        //IOç«¯å£åˆå§‹åŒ–//å…¨éƒ¨ä¸ºåŒå‘å£
  504   1        P0M1 = 0x00;   P0M0 = 0x04;   //è®¾ç½®ä¸ºå‡†åŒå‘å£: P0.2æ¨æŒ½è¾“å‡ºæ§åˆ¶èƒŒå…‰
  505   1        P1M1 = 0x00;   P1M0 = 0x00;   //è®¾ç½®ä¸ºå‡†åŒå‘å£
  506   1        P2M1 = 0x00;   P2M0 = 0x00;   //è®¾ç½®ä¸ºå‡†åŒå‘å£
  507   1        P3M1 = 0x00;   P3M0 = 0x00;   //è®¾ç½®ä¸ºå‡†åŒå‘å£
  508   1        P4M1 = 0x00;   P4M0 = 0x00;   //è®¾ç½®ä¸ºå‡†åŒå‘å£
  509   1        P5M1 = 0x00;   P5M0 = 0x00;   //è®¾ç½®ä¸ºå‡†åŒå‘å£
  510   1        LCD_Init();
  511   1        LCD_CLS(1);             //è“è‰²æ¸…å±
  512   1      }
*** WARNING C47 IN LINE 497 OF ..\code\self_LCD.c: 'i': unreferenced local variable
  513          
  514          void Self_LCD_Progress(void)
  515          {
  516   1                LCD_Point(5,5,15);      //ç”»ç‚¹æµ‹è¯• 
  517   1                LCD_LineH(5,8,50,10);   //ç”»æ°´å¹³çº¿
  518   1                LCD_LineV(5,8,50,10);   //ç”»å‚ç›´çº¿
  519   1                LCD_Line(5,8,55,58,12); //ä¸¤ç‚¹ä¸€çº¿
  520   1                LCD_Box(10,95,100,28,15,0,4);         //ç”»çŸ©å½¢æ–¹æ¡†(å¯æŒ‡å®šè¾¹æ¡†è‰²å’Œå¡«å……è‰²)
  521   1                LCD_A08(20,15,"A08_012345",15,1,10);  //æ˜¾ç¤º6*8å­—ç¬¦ä¸²
  522   1                LCD_A12(20,30,"A12_012345",15,1,10);  //æ˜¾ç¤º8*12å­—ç¬¦ä¸²
  523   1                LCD_A16(20,45,"A16_012345",15,1,10);  //æ˜¾ç¤º8*16å­—ç¬¦ä¸²
  524   1                LCD_A24(20,64,"A24_0123",15,1,8);     //æ˜¾ç¤º12*24å­—ç¬¦ä¸²
  525   1      //        LCD_H16(24,102,"å•ç‰‡æœºSTC",14,4);     //16ç‚¹é˜µä¸­è¥¿æ–‡æ··åˆæ˜¾ç¤ºå­—ç¬¦ä¸² 
  526   1      //        LCD_H24( 8,130,"å•ç‰‡æœºSTC",12,1);     //24ç‚¹é˜µä¸­è¥¿æ–‡æ··åˆæ˜¾ç¤ºå­—ç¬¦ä¸²
  527   1      }
  528          
  529          //=== END ===============================================================================================
*** WARNING C183 IN LINE 85 OF ..\code\self_LCD.c: dead assignment eliminated
*** WARNING C183 IN LINE 85 OF ..\code\self_LCD.c: dead assignment eliminated
*** WARNING C183 IN LINE 498 OF ..\code\self_LCD.c: dead assignment eliminated


Module Information          Static   Overlayable
------------------------------------------------
  code size            =     37887     ------
  ecode size           =    ------     ------
  data size            =    ------     ------
  idata size           =    ------     ------
  pdata size           =    ------     ------
  xdata size           =    ------        153
  xdata-const size     =    ------     ------
  edata size           =    ------     ------
  bit size             =    ------     ------
  ebit size            =    ------     ------
  bitaddressable size  =    ------     ------
  ebitaddressable size =    ------     ------
  far data size        =    ------     ------
  huge data size       =    ------     ------
C251 COMPILER V5.60.0,  self_LCD                                                           19/11/25  22:35:40  PAGE 10  

  const size           =    ------     ------
  hconst size          =      8430     ------
End of Module Information.


C251 COMPILATION COMPLETE.  5 WARNING(S),  0 ERROR(S)
