C251 COMPILER V5.60.0,  main                                                               12/11/25  18:30:12  PAGE 1   


C251 COMPILER V5.60.0, COMPILATION OF MODULE main
OBJECT MODULE PLACED IN .\out_file\main.obj
COMPILER INVOKED BY: D:\MDK\C251\BIN\C251.EXE ..\user\main.c LARGE NOALIAS FLOAT64 WARNINGLEVEL(3) OPTIMIZE(SIZE) BROWSE
                    - INCDIR(..\..\libraries\zf_common;..\..\libraries\zf_components;..\..\libraries\zf_device;..\..\libraries\zf_driver;..\u
                    -ser;..\code) DEBUG PRINT(.\out_file\main.lst) OBJECT(.\out_file\main.obj) 

stmt  level    source

    1          /********************************************************************************************************
             -*************
    2          * STC32G Opensourec Library 即（STC32G 开源库）是一个基于官方 SDK 接口的第三方开源
             -
    3          * Copyright (c) 2022 SEEKFREE 逐飞科技
    4          *
    5          * 本文件是STC 开源库的一部分
    6          *
    7          * STC32G 开源库 是免费软件
    8          * 您可以根据自由软件基金会发布的 GPL（GNU General Public License，即 GNU通用公共许
             -可证）的条款
    9          * 即 GPL 的第3版（即 GPL3.0）或（您选择的）任何后来的版本，重新发布和/或修
             -它
   10          *
   11          * 本开源库的发布是希望它能发挥作用，但并未对其作任何的保证
   12          * 甚至没有隐含的适销性或适合特定用途的保证
   13          * 更多细节请参见 GPL
   14          *
   15          * 您应该在收到本开源库的同时收到一份 GPL 的副本
   16          * 如果没有，请参阅<https://www.gnu.org/licenses/>
   17          *
   18          * 额外注明：
   19          * 本开源库使用 GPL3.0 开源许可证协议 以上许可申明为译文版本
   20          * 许可申明英文版在 libraries/doc 文件夹下的 GPL3_permission_statement.txt 文件中
   21          * 许可证副本在 libraries 文件夹下 即该文件夹下的 LICENSE 文件
   22          * 欢迎各位使用并传播本程序 但修改内容时必须保留逐飞科技的版权声明（即本
             -声明）
   23          *
   24          * 文件名称          
   25          * 公司名称          成都逐飞科技有限公司
   26          * 版本信息          查看 libraries/doc 文件夹内 version 文件 版本说明
   27          * 开发环境          MDK FOR C251
   28          * 适用平台          STC32G
   29          * 店铺链接          https://seekfree.taobao.com/
   30          *
   31          * 修改记录
   32          * 日期              作者           备注
   33          * 2024-08-01        大W            first version
   34          *********************************************************************************************************
             -***********/
   35          
   36          #include "zf_common_headfile.h"
   37          
   38          // *************************** 例程硬件连接说明 ***************************
   39          // 使用 type-c 连接
   40          //      直接将type-c插入核心板，即可使用板载ch340串口
   41          //
   42          // 使用 USB-TTL 模块连接
   43          //      模块管脚            单片机管脚
   44          //      USB-TTL-RX          查看 zf_common_debug.h 文件中 DEBUG_UART_TX_PIN 宏定义的引脚 默
             - P31
   45          //      USB-TTL-TX          查看 zf_common_debug.h 文件中 DEBUG_UART_RX_PIN 宏定义的引脚 默
             - P30
   46          //      USB-TTL-GND         核心板电源地 GND
   47          //      USB-TTL-3V3         核心板 3V3 电源
   48          
   49          // *************************** 例程测试说明 ***************************
C251 COMPILER V5.60.0,  main                                                               12/11/25  18:30:12  PAGE 2   

   50          // 1.核心板烧录完成本例程，单独使用 type-c接口 或者 USB-TTL 模块，在断电情况
             -完成连接
   51          //
   52          // 2.将 type-c接口 或者 USB-TTL 模块连接 电脑，完成上电
   53          //
   54          // 3.电脑上使用串口助手打开对应的串口，串口波特率为 zf_common_debug.h 文件中 DE
             -BUG_UART_BAUDRATE 宏定义 默认 115200，核心板按下复位按键
   55          //
   56          // 4.可以在串口助手上看到如下串口信息：
   57          //      ADC channel 1 convert data is x.
   58          //      ...
   59          //      ADC channel 1 mean filter convert data is x.
   60          //      ...
   61          //
   62          // 5.将 ADC_CHANNELx 宏定义对应的引脚分别接到 3V3/GND 再对应的信息会看到数据变
             -
   63          //
   64          // 如果发现现象与说明严重不符 请参照本文件最下方 例程常见问题说明 进行排
             -查
   65          
   66          // **************************** 代码区域 ****************************
   67          #define CHANNEL_NUMBER          (4)
   68          
   69          #define ADC_CHANNEL1            (ADC_CH0_P10 )
   70          #define ADC_CHANNEL2            (ADC_CH9_P01 )
   71          #define ADC_CHANNEL3            (ADC_CH13_P05)
   72          #define ADC_CHANNEL4            (ADC_CH14_P06)
   73          
   74          uint8 channel_index = 0;
   75          adc_channel_enum channel_list[CHANNEL_NUMBER] =
   76          {
   77              ADC_CHANNEL1, ADC_CHANNEL2, ADC_CHANNEL3, ADC_CHANNEL4,
   78          };
   79          
   80          
   81          void main()
   82          {
   83   1          clock_init(SYSTEM_CLOCK_30M);
   84   1              debug_init();
   85   1      
   86   1      
   87   1          // 此处编写用户代码 例如外设初始化代码等
   88   1          adc_init(ADC_CHANNEL1, ADC_12BIT);                                          // 初始化对应 ADC 
             -道为对应精度
   89   1          adc_init(ADC_CHANNEL2, ADC_12BIT);                                          // 初始化对应 ADC 
             -道为对应精度
   90   1          adc_init(ADC_CHANNEL3, ADC_10BIT);                                          // 初始化对应 ADC 
             -道为对应精度
   91   1          adc_init(ADC_CHANNEL4, ADC_8BIT);                                           // 初始化对应 ADC 
             -道为对应精度
   92   1      
   93   1                                                                                      // 这里你会发现输
             -全是 8bit 精度
   94   1                                                                                      // 因为这都是同一
             - ADC 模块的引脚
   95   1                                                                                      // 所以会以最后一
             -初始化精度为准
   96   1          // 此处编写用户代码 例如外设初始化代码等
   97   1      
   98   1          while(1)
   99   1          {
  100   2              // 此处编写需要循环执行的代码
  101   2              for(channel_index = 0; channel_index < CHANNEL_NUMBER; channel_index ++)
  102   2              {
  103   3                  printf(
  104   3                      "ADC channel %d convert data is %d.\r\n",
C251 COMPILER V5.60.0,  main                                                               12/11/25  18:30:12  PAGE 3   

  105   3                      channel_index + 1,
  106   3                      adc_convert(channel_list[channel_index]));                      // 循环输出单次转
             -结果
  107   3              }
  108   2              system_delay_ms(1000);
  109   2      
  110   2              for(channel_index = 0; channel_index < CHANNEL_NUMBER; channel_index ++)
  111   2              {
  112   3                  printf(
  113   3                      "ADC channel %d mean filter convert data is %d.\r\n",
  114   3                      channel_index + 1,
  115   3                      adc_mean_filter_convert(channel_list[channel_index], 10));      // 循环输出 10 次均
             -值滤波转换结果
  116   3              }
  117   2              system_delay_ms(500);
  118   2              // 此处编写需要循环执行的代码
  119   2          }
  120   1      }
  121          // **************************** 代码区域 ****************************
  122          
  123          // *************************** 例程常见问题说明 ***************************
  124          // 遇到问题时请按照以下问题检查列表检查
  125          //
  126          // 问题1：串口没有数据
  127          //      查看串口助手打开的是否是正确的串口，检查打开的 COM 口是否对应的是
             -载ch340的type-c 或者 USB-TTL 模块
  128          //      如果是使用板载ch340的type-c连接，那么检查下载器线是否松动
  129          //      如果是使用 USB-TTL 模块连接，那么检查连线是否正常是否松动，模块 TX 是
             -否连接的核心板的 RX，模块 RX 是否连接的核心板的 TX
  130          //
  131          // 问题2：串口数据乱码
  132          //      查看串口助手设置的波特率是否与程序设置一致，程序中 zf_common_debug.h 文
             -件中 DEBUG_UART_BAUDRATE 宏定义为 debug uart 使用的串口波特率
  133          
  134          
  135          
  136          


Module Information          Static   Overlayable
------------------------------------------------
  code size            =       269     ------
  ecode size           =    ------     ------
  data size            =    ------     ------
  idata size           =    ------     ------
  pdata size           =    ------     ------
  xdata size           =         9     ------
  xdata-const size     =    ------     ------
  edata size           =    ------     ------
  bit size             =    ------     ------
  ebit size            =    ------     ------
  bitaddressable size  =    ------     ------
  ebitaddressable size =    ------     ------
  far data size        =    ------     ------
  huge data size       =    ------     ------
  const size           =    ------     ------
  hconst size          =       107     ------
End of Module Information.


C251 COMPILATION COMPLETE.  0 WARNING(S),  0 ERROR(S)
